INFO 2025-11-04 18:02:51,983 autoreload 29544 25452 Watching for file changes with StatReloader
INFO 2025-11-04 18:03:32,297 basehttp 29544 27024 "GET / HTTP/1.1" 200 24156
INFO 2025-11-04 18:03:32,384 basehttp 29544 27024 "GET /static/css/base.css HTTP/1.1" 304 0
INFO 2025-11-04 18:03:32,399 basehttp 29544 27024 "GET /static/js/navbar_menu_hover.js HTTP/1.1" 304 0
INFO 2025-11-04 18:03:32,403 basehttp 29544 23912 "GET /static/css/header.css HTTP/1.1" 304 0
INFO 2025-11-04 18:03:32,404 basehttp 29544 12692 "GET /static/images/logos/3d_logo_transparent.png HTTP/1.1" 304 0
INFO 2025-11-04 18:03:32,408 basehttp 29544 27024 "GET /static/css/navbar.css HTTP/1.1" 304 0
INFO 2025-11-04 18:03:32,418 basehttp 29544 27024 "GET /static/css/footer.css HTTP/1.1" 304 0
INFO 2025-11-04 18:03:32,772 basehttp 29544 27024 "GET /static/images/logos/tms-logo-hi-res.png HTTP/1.1" 304 0
INFO 2025-11-04 18:04:32,888 autoreload 29544 25452 C:\DAJ\PROGRAMMING\Projects\WebApps\TMS\tms_v0.0.9\tms\settings.py changed, reloading.
INFO 2025-11-04 18:07:07,440 autoreload 3776 19788 Watching for file changes with StatReloader
INFO 2025-11-04 18:07:18,655 basehttp 3776 26036 "GET / HTTP/1.1" 200 6802
INFO 2025-11-04 18:13:42,408 autoreload 3776 19788 C:\DAJ\PROGRAMMING\Projects\WebApps\TMS\tms_v0.0.9\accounts\admin.py changed, reloading.
INFO 2025-11-04 18:13:44,407 autoreload 29580 27796 Watching for file changes with StatReloader
INFO 2025-11-04 18:13:50,175 autoreload 29580 27796 C:\DAJ\PROGRAMMING\Projects\WebApps\TMS\tms_v0.0.9\accounts\admin.py changed, reloading.
INFO 2025-11-04 18:13:50,915 autoreload 20764 20648 Watching for file changes with StatReloader
INFO 2025-11-04 18:13:54,287 autoreload 20764 20648 C:\DAJ\PROGRAMMING\Projects\WebApps\TMS\tms_v0.0.9\accounts\admin.py changed, reloading.
INFO 2025-11-04 18:13:55,273 autoreload 14792 25728 Watching for file changes with StatReloader
INFO 2025-11-04 18:13:57,547 autoreload 14792 25728 C:\DAJ\PROGRAMMING\Projects\WebApps\TMS\tms_v0.0.9\accounts\admin.py changed, reloading.
INFO 2025-11-04 18:13:58,270 autoreload 8032 7984 Watching for file changes with StatReloader
INFO 2025-11-04 18:14:01,513 autoreload 8032 7984 C:\DAJ\PROGRAMMING\Projects\WebApps\TMS\tms_v0.0.9\accounts\admin.py changed, reloading.
INFO 2025-11-04 18:14:02,267 autoreload 22824 19680 Watching for file changes with StatReloader
INFO 2025-11-04 18:14:04,533 autoreload 22824 19680 C:\DAJ\PROGRAMMING\Projects\WebApps\TMS\tms_v0.0.9\accounts\admin.py changed, reloading.
INFO 2025-11-04 18:14:05,892 autoreload 30116 22420 Watching for file changes with StatReloader
INFO 2025-11-04 18:14:26,878 autoreload 30116 22420 C:\DAJ\PROGRAMMING\Projects\WebApps\TMS\tms_v0.0.9\accounts\admin.py changed, reloading.
INFO 2025-11-04 18:14:27,452 autoreload 29788 26000 Watching for file changes with StatReloader
INFO 2025-11-04 18:14:28,640 autoreload 29788 26000 C:\DAJ\PROGRAMMING\Projects\WebApps\TMS\tms_v0.0.9\accounts\admin.py changed, reloading.
INFO 2025-11-04 18:14:29,246 autoreload 25564 22792 Watching for file changes with StatReloader
INFO 2025-11-04 18:14:32,493 autoreload 25564 22792 C:\DAJ\PROGRAMMING\Projects\WebApps\TMS\tms_v0.0.9\accounts\admin.py changed, reloading.
INFO 2025-11-04 18:14:33,153 autoreload 28540 26692 Watching for file changes with StatReloader
INFO 2025-11-04 18:14:35,584 autoreload 28540 26692 C:\DAJ\PROGRAMMING\Projects\WebApps\TMS\tms_v0.0.9\accounts\admin.py changed, reloading.
INFO 2025-11-04 18:14:36,239 autoreload 13228 18148 Watching for file changes with StatReloader
INFO 2025-11-04 18:14:41,534 autoreload 13228 18148 C:\DAJ\PROGRAMMING\Projects\WebApps\TMS\tms_v0.0.9\accounts\admin.py changed, reloading.
INFO 2025-11-04 18:14:42,181 autoreload 25244 28576 Watching for file changes with StatReloader
INFO 2025-11-04 18:14:51,584 autoreload 25244 28576 C:\DAJ\PROGRAMMING\Projects\WebApps\TMS\tms_v0.0.9\accounts\admin.py changed, reloading.
INFO 2025-11-04 18:14:52,596 autoreload 9840 17404 Watching for file changes with StatReloader
INFO 2025-11-04 18:14:53,857 autoreload 9840 17404 C:\DAJ\PROGRAMMING\Projects\WebApps\TMS\tms_v0.0.9\accounts\admin.py changed, reloading.
INFO 2025-11-04 18:14:54,561 autoreload 28472 30636 Watching for file changes with StatReloader
INFO 2025-11-04 18:14:56,889 autoreload 28472 30636 C:\DAJ\PROGRAMMING\Projects\WebApps\TMS\tms_v0.0.9\accounts\admin.py changed, reloading.
INFO 2025-11-04 18:14:58,281 autoreload 24956 26812 Watching for file changes with StatReloader
INFO 2025-11-04 18:15:03,299 autoreload 24956 26812 C:\DAJ\PROGRAMMING\Projects\WebApps\TMS\tms_v0.0.9\accounts\admin.py changed, reloading.
INFO 2025-11-04 18:15:05,859 autoreload 2892 8008 Watching for file changes with StatReloader
INFO 2025-11-04 18:15:09,405 autoreload 2892 8008 C:\DAJ\PROGRAMMING\Projects\WebApps\TMS\tms_v0.0.9\accounts\admin.py changed, reloading.
INFO 2025-11-04 18:15:10,350 autoreload 22072 5624 Watching for file changes with StatReloader
INFO 2025-11-04 18:15:16,713 autoreload 22072 5624 C:\DAJ\PROGRAMMING\Projects\WebApps\TMS\tms_v0.0.9\accounts\admin.py changed, reloading.
INFO 2025-11-04 18:15:17,514 autoreload 19512 13976 Watching for file changes with StatReloader
INFO 2025-11-04 18:15:20,870 autoreload 19512 13976 C:\DAJ\PROGRAMMING\Projects\WebApps\TMS\tms_v0.0.9\accounts\admin.py changed, reloading.
INFO 2025-11-04 18:15:21,418 autoreload 23940 9312 Watching for file changes with StatReloader
INFO 2025-11-04 18:15:22,687 autoreload 23940 9312 C:\DAJ\PROGRAMMING\Projects\WebApps\TMS\tms_v0.0.9\accounts\admin.py changed, reloading.
INFO 2025-11-04 18:15:23,611 autoreload 30680 7256 Watching for file changes with StatReloader
INFO 2025-11-04 18:15:30,044 autoreload 30680 7256 C:\DAJ\PROGRAMMING\Projects\WebApps\TMS\tms_v0.0.9\accounts\admin.py changed, reloading.
INFO 2025-11-04 18:15:31,532 autoreload 8100 13228 Watching for file changes with StatReloader
INFO 2025-11-04 18:15:34,923 autoreload 8100 13228 C:\DAJ\PROGRAMMING\Projects\WebApps\TMS\tms_v0.0.9\accounts\admin.py changed, reloading.
INFO 2025-11-04 18:15:35,593 autoreload 24872 21732 Watching for file changes with StatReloader
INFO 2025-11-04 18:15:40,895 autoreload 24872 21732 C:\DAJ\PROGRAMMING\Projects\WebApps\TMS\tms_v0.0.9\accounts\admin.py changed, reloading.
INFO 2025-11-04 18:15:42,553 autoreload 8108 23440 Watching for file changes with StatReloader
INFO 2025-11-04 18:15:45,287 autoreload 8108 23440 C:\DAJ\PROGRAMMING\Projects\WebApps\TMS\tms_v0.0.9\accounts\admin.py changed, reloading.
INFO 2025-11-04 18:15:45,926 autoreload 24488 17204 Watching for file changes with StatReloader
INFO 2025-11-04 18:15:47,154 autoreload 24488 17204 C:\DAJ\PROGRAMMING\Projects\WebApps\TMS\tms_v0.0.9\accounts\admin.py changed, reloading.
INFO 2025-11-04 18:15:48,204 autoreload 17060 26396 Watching for file changes with StatReloader
INFO 2025-11-04 18:15:50,825 autoreload 17060 26396 C:\DAJ\PROGRAMMING\Projects\WebApps\TMS\tms_v0.0.9\accounts\admin.py changed, reloading.
INFO 2025-11-04 18:15:51,520 autoreload 25528 30404 Watching for file changes with StatReloader
INFO 2025-11-04 18:15:53,805 autoreload 25528 30404 C:\DAJ\PROGRAMMING\Projects\WebApps\TMS\tms_v0.0.9\accounts\admin.py changed, reloading.
INFO 2025-11-04 18:15:55,175 autoreload 25448 25428 Watching for file changes with StatReloader
INFO 2025-11-04 18:15:56,482 autoreload 25448 25428 C:\DAJ\PROGRAMMING\Projects\WebApps\TMS\tms_v0.0.9\accounts\admin.py changed, reloading.
INFO 2025-11-04 18:15:57,081 autoreload 8220 28148 Watching for file changes with StatReloader
INFO 2025-11-04 18:15:58,324 autoreload 8220 28148 C:\DAJ\PROGRAMMING\Projects\WebApps\TMS\tms_v0.0.9\accounts\admin.py changed, reloading.
INFO 2025-11-04 18:15:59,456 autoreload 5832 26008 Watching for file changes with StatReloader
INFO 2025-11-04 18:16:00,763 autoreload 5832 26008 C:\DAJ\PROGRAMMING\Projects\WebApps\TMS\tms_v0.0.9\accounts\admin.py changed, reloading.
INFO 2025-11-04 18:16:01,572 autoreload 28280 14816 Watching for file changes with StatReloader
INFO 2025-11-04 18:16:07,884 autoreload 28280 14816 C:\DAJ\PROGRAMMING\Projects\WebApps\TMS\tms_v0.0.9\accounts\admin.py changed, reloading.
INFO 2025-11-04 18:16:08,625 autoreload 19296 30308 Watching for file changes with StatReloader
INFO 2025-11-04 18:16:13,904 autoreload 19296 30308 C:\DAJ\PROGRAMMING\Projects\WebApps\TMS\tms_v0.0.9\accounts\admin.py changed, reloading.
INFO 2025-11-04 18:16:14,728 autoreload 14880 4168 Watching for file changes with StatReloader
INFO 2025-11-04 18:16:17,009 autoreload 14880 4168 C:\DAJ\PROGRAMMING\Projects\WebApps\TMS\tms_v0.0.9\accounts\admin.py changed, reloading.
INFO 2025-11-04 18:16:17,737 autoreload 25640 21316 Watching for file changes with StatReloader
INFO 2025-11-04 18:16:24,047 autoreload 25640 21316 C:\DAJ\PROGRAMMING\Projects\WebApps\TMS\tms_v0.0.9\accounts\admin.py changed, reloading.
INFO 2025-11-04 18:16:24,547 autoreload 27380 24912 Watching for file changes with StatReloader
INFO 2025-11-04 18:16:29,834 autoreload 27380 24912 C:\DAJ\PROGRAMMING\Projects\WebApps\TMS\tms_v0.0.9\accounts\admin.py changed, reloading.
INFO 2025-11-04 18:16:31,112 autoreload 11836 2596 Watching for file changes with StatReloader
INFO 2025-11-04 18:16:33,735 autoreload 11836 2596 C:\DAJ\PROGRAMMING\Projects\WebApps\TMS\tms_v0.0.9\accounts\admin.py changed, reloading.
INFO 2025-11-04 18:16:34,602 autoreload 20256 26292 Watching for file changes with StatReloader
INFO 2025-11-04 18:16:37,968 autoreload 20256 26292 C:\DAJ\PROGRAMMING\Projects\WebApps\TMS\tms_v0.0.9\accounts\admin.py changed, reloading.
INFO 2025-11-04 18:16:38,703 autoreload 26440 24792 Watching for file changes with StatReloader
INFO 2025-11-04 18:16:41,026 autoreload 26440 24792 C:\DAJ\PROGRAMMING\Projects\WebApps\TMS\tms_v0.0.9\accounts\admin.py changed, reloading.
INFO 2025-11-04 18:16:43,070 autoreload 26388 12524 Watching for file changes with StatReloader
INFO 2025-11-04 18:16:47,533 autoreload 26388 12524 C:\DAJ\PROGRAMMING\Projects\WebApps\TMS\tms_v0.0.9\accounts\admin.py changed, reloading.
INFO 2025-11-04 18:16:49,474 autoreload 28436 28312 Watching for file changes with StatReloader
INFO 2025-11-04 18:16:54,846 autoreload 28436 28312 C:\DAJ\PROGRAMMING\Projects\WebApps\TMS\tms_v0.0.9\accounts\admin.py changed, reloading.
INFO 2025-11-04 18:16:55,360 autoreload 29064 30232 Watching for file changes with StatReloader
INFO 2025-11-04 18:16:58,600 autoreload 29064 30232 C:\DAJ\PROGRAMMING\Projects\WebApps\TMS\tms_v0.0.9\accounts\admin.py changed, reloading.
INFO 2025-11-04 18:16:59,584 autoreload 8016 4060 Watching for file changes with StatReloader
INFO 2025-11-04 18:17:01,951 autoreload 8016 4060 C:\DAJ\PROGRAMMING\Projects\WebApps\TMS\tms_v0.0.9\accounts\admin.py changed, reloading.
INFO 2025-11-04 18:17:03,289 autoreload 30520 7840 Watching for file changes with StatReloader
INFO 2025-11-04 18:17:04,587 autoreload 30520 7840 C:\DAJ\PROGRAMMING\Projects\WebApps\TMS\tms_v0.0.9\accounts\admin.py changed, reloading.
INFO 2025-11-04 18:17:05,263 autoreload 26932 7248 Watching for file changes with StatReloader
INFO 2025-11-04 18:17:08,575 autoreload 26932 7248 C:\DAJ\PROGRAMMING\Projects\WebApps\TMS\tms_v0.0.9\accounts\admin.py changed, reloading.
INFO 2025-11-04 18:17:09,158 autoreload 2772 11588 Watching for file changes with StatReloader
INFO 2025-11-04 18:17:15,438 autoreload 2772 11588 C:\DAJ\PROGRAMMING\Projects\WebApps\TMS\tms_v0.0.9\accounts\admin.py changed, reloading.
INFO 2025-11-04 18:17:16,142 autoreload 8304 19328 Watching for file changes with StatReloader
INFO 2025-11-04 18:17:24,650 autoreload 8304 19328 C:\DAJ\PROGRAMMING\Projects\WebApps\TMS\tms_v0.0.9\accounts\admin.py changed, reloading.
INFO 2025-11-04 18:17:26,446 autoreload 12468 26236 Watching for file changes with StatReloader
INFO 2025-11-04 18:17:29,935 autoreload 12468 26236 C:\DAJ\PROGRAMMING\Projects\WebApps\TMS\tms_v0.0.9\accounts\admin.py changed, reloading.
INFO 2025-11-04 18:17:30,518 autoreload 24248 28772 Watching for file changes with StatReloader
INFO 2025-11-04 18:17:31,729 autoreload 24248 28772 C:\DAJ\PROGRAMMING\Projects\WebApps\TMS\tms_v0.0.9\accounts\admin.py changed, reloading.
INFO 2025-11-04 18:17:33,055 autoreload 25360 1468 Watching for file changes with StatReloader
INFO 2025-11-04 18:17:41,661 autoreload 25360 1468 C:\DAJ\PROGRAMMING\Projects\WebApps\TMS\tms_v0.0.9\accounts\admin.py changed, reloading.
INFO 2025-11-04 18:17:42,922 autoreload 7060 10524 Watching for file changes with StatReloader
INFO 2025-11-04 18:17:44,233 autoreload 7060 10524 C:\DAJ\PROGRAMMING\Projects\WebApps\TMS\tms_v0.0.9\accounts\admin.py changed, reloading.
INFO 2025-11-04 18:17:45,691 autoreload 13976 28228 Watching for file changes with StatReloader
INFO 2025-11-04 18:17:48,101 autoreload 13976 28228 C:\DAJ\PROGRAMMING\Projects\WebApps\TMS\tms_v0.0.9\accounts\admin.py changed, reloading.
INFO 2025-11-04 18:17:48,964 autoreload 28704 25820 Watching for file changes with StatReloader
INFO 2025-11-04 18:17:50,224 autoreload 28704 25820 C:\DAJ\PROGRAMMING\Projects\WebApps\TMS\tms_v0.0.9\accounts\admin.py changed, reloading.
INFO 2025-11-04 18:17:51,073 autoreload 20896 26528 Watching for file changes with StatReloader
INFO 2025-11-04 18:17:58,402 autoreload 20896 26528 C:\DAJ\PROGRAMMING\Projects\WebApps\TMS\tms_v0.0.9\accounts\admin.py changed, reloading.
INFO 2025-11-04 18:17:58,935 autoreload 29992 14552 Watching for file changes with StatReloader
INFO 2025-11-04 18:18:00,130 autoreload 29992 14552 C:\DAJ\PROGRAMMING\Projects\WebApps\TMS\tms_v0.0.9\accounts\admin.py changed, reloading.
INFO 2025-11-04 18:18:01,004 autoreload 27784 6932 Watching for file changes with StatReloader
INFO 2025-11-04 18:18:02,267 autoreload 27784 6932 C:\DAJ\PROGRAMMING\Projects\WebApps\TMS\tms_v0.0.9\accounts\admin.py changed, reloading.
INFO 2025-11-04 18:18:02,849 autoreload 21292 19288 Watching for file changes with StatReloader
INFO 2025-11-04 18:18:07,134 autoreload 21292 19288 C:\DAJ\PROGRAMMING\Projects\WebApps\TMS\tms_v0.0.9\accounts\admin.py changed, reloading.
INFO 2025-11-04 18:18:07,623 autoreload 23492 13908 Watching for file changes with StatReloader
INFO 2025-11-04 18:18:12,161 autoreload 23492 13908 C:\DAJ\PROGRAMMING\Projects\WebApps\TMS\tms_v0.0.9\accounts\admin.py changed, reloading.
INFO 2025-11-04 18:18:12,798 autoreload 14616 15928 Watching for file changes with StatReloader
INFO 2025-11-04 18:18:20,111 autoreload 14616 15928 C:\DAJ\PROGRAMMING\Projects\WebApps\TMS\tms_v0.0.9\accounts\admin.py changed, reloading.
INFO 2025-11-04 18:18:20,597 autoreload 4924 396 Watching for file changes with StatReloader
INFO 2025-11-04 18:18:22,806 autoreload 4924 396 C:\DAJ\PROGRAMMING\Projects\WebApps\TMS\tms_v0.0.9\accounts\admin.py changed, reloading.
INFO 2025-11-04 18:18:23,813 autoreload 25856 20812 Watching for file changes with StatReloader
INFO 2025-11-04 18:18:31,431 autoreload 25856 20812 C:\DAJ\PROGRAMMING\Projects\WebApps\TMS\tms_v0.0.9\accounts\admin.py changed, reloading.
INFO 2025-11-04 18:18:32,906 autoreload 5328 12524 Watching for file changes with StatReloader
INFO 2025-11-04 18:18:42,441 autoreload 5328 12524 C:\DAJ\PROGRAMMING\Projects\WebApps\TMS\tms_v0.0.9\accounts\admin.py changed, reloading.
INFO 2025-11-04 18:18:43,390 autoreload 25440 4180 Watching for file changes with StatReloader
INFO 2025-11-04 18:18:49,968 autoreload 25440 4180 C:\DAJ\PROGRAMMING\Projects\WebApps\TMS\tms_v0.0.9\accounts\admin.py changed, reloading.
INFO 2025-11-04 18:18:50,815 autoreload 19668 23840 Watching for file changes with StatReloader
INFO 2025-11-04 18:18:53,288 autoreload 19668 23840 C:\DAJ\PROGRAMMING\Projects\WebApps\TMS\tms_v0.0.9\accounts\admin.py changed, reloading.
INFO 2025-11-04 18:18:54,094 autoreload 5056 20976 Watching for file changes with StatReloader
INFO 2025-11-04 18:18:57,400 autoreload 5056 20976 C:\DAJ\PROGRAMMING\Projects\WebApps\TMS\tms_v0.0.9\accounts\admin.py changed, reloading.
INFO 2025-11-04 18:18:58,105 autoreload 17464 23736 Watching for file changes with StatReloader
INFO 2025-11-04 18:19:01,473 autoreload 17464 23736 C:\DAJ\PROGRAMMING\Projects\WebApps\TMS\tms_v0.0.9\accounts\admin.py changed, reloading.
INFO 2025-11-04 18:19:02,808 autoreload 27456 24700 Watching for file changes with StatReloader
INFO 2025-11-04 18:19:06,113 autoreload 27456 24700 C:\DAJ\PROGRAMMING\Projects\WebApps\TMS\tms_v0.0.9\accounts\admin.py changed, reloading.
INFO 2025-11-04 18:19:06,650 autoreload 7256 27404 Watching for file changes with StatReloader
INFO 2025-11-04 18:19:07,899 autoreload 7256 27404 C:\DAJ\PROGRAMMING\Projects\WebApps\TMS\tms_v0.0.9\accounts\admin.py changed, reloading.
INFO 2025-11-04 18:19:08,470 autoreload 27032 6896 Watching for file changes with StatReloader
INFO 2025-11-04 18:19:09,766 autoreload 27032 6896 C:\DAJ\PROGRAMMING\Projects\WebApps\TMS\tms_v0.0.9\accounts\admin.py changed, reloading.
INFO 2025-11-04 18:19:10,512 autoreload 28396 17852 Watching for file changes with StatReloader
INFO 2025-11-04 18:19:12,045 autoreload 28396 17852 C:\DAJ\PROGRAMMING\Projects\WebApps\TMS\tms_v0.0.9\accounts\admin.py changed, reloading.
INFO 2025-11-04 18:19:12,628 autoreload 26696 24920 Watching for file changes with StatReloader
INFO 2025-11-04 18:19:19,951 autoreload 26696 24920 C:\DAJ\PROGRAMMING\Projects\WebApps\TMS\tms_v0.0.9\accounts\admin.py changed, reloading.
INFO 2025-11-04 18:19:20,562 autoreload 17604 28208 Watching for file changes with StatReloader
INFO 2025-11-04 18:19:27,940 autoreload 17604 28208 C:\DAJ\PROGRAMMING\Projects\WebApps\TMS\tms_v0.0.9\accounts\admin.py changed, reloading.
INFO 2025-11-04 18:19:28,467 autoreload 29008 29556 Watching for file changes with StatReloader
INFO 2025-11-04 18:19:30,688 autoreload 29008 29556 C:\DAJ\PROGRAMMING\Projects\WebApps\TMS\tms_v0.0.9\accounts\admin.py changed, reloading.
INFO 2025-11-04 18:19:31,476 autoreload 5676 26368 Watching for file changes with StatReloader
INFO 2025-11-04 18:19:43,011 autoreload 5676 26368 C:\DAJ\PROGRAMMING\Projects\WebApps\TMS\tms_v0.0.9\accounts\admin.py changed, reloading.
INFO 2025-11-04 18:19:43,877 autoreload 26224 15804 Watching for file changes with StatReloader
INFO 2025-11-04 18:19:50,180 autoreload 26224 15804 C:\DAJ\PROGRAMMING\Projects\WebApps\TMS\tms_v0.0.9\accounts\admin.py changed, reloading.
INFO 2025-11-04 18:19:50,737 autoreload 24940 24908 Watching for file changes with StatReloader
INFO 2025-11-04 18:19:58,019 autoreload 24940 24908 C:\DAJ\PROGRAMMING\Projects\WebApps\TMS\tms_v0.0.9\accounts\admin.py changed, reloading.
INFO 2025-11-04 18:19:58,684 autoreload 28120 26120 Watching for file changes with StatReloader
INFO 2025-11-04 18:20:12,267 autoreload 28120 26120 C:\DAJ\PROGRAMMING\Projects\WebApps\TMS\tms_v0.0.9\accounts\admin.py changed, reloading.
INFO 2025-11-04 18:20:12,915 autoreload 15468 21872 Watching for file changes with StatReloader
INFO 2025-11-04 18:20:18,305 autoreload 15468 21872 C:\DAJ\PROGRAMMING\Projects\WebApps\TMS\tms_v0.0.9\accounts\admin.py changed, reloading.
INFO 2025-11-04 18:20:18,868 autoreload 19024 30004 Watching for file changes with StatReloader
INFO 2025-11-04 18:20:21,123 autoreload 19024 30004 C:\DAJ\PROGRAMMING\Projects\WebApps\TMS\tms_v0.0.9\accounts\admin.py changed, reloading.
INFO 2025-11-04 18:20:22,775 autoreload 28744 28312 Watching for file changes with StatReloader
INFO 2025-11-04 18:20:25,023 autoreload 28744 28312 C:\DAJ\PROGRAMMING\Projects\WebApps\TMS\tms_v0.0.9\accounts\admin.py changed, reloading.
INFO 2025-11-04 18:20:25,932 autoreload 7984 12924 Watching for file changes with StatReloader
INFO 2025-11-04 18:20:29,210 autoreload 7984 12924 C:\DAJ\PROGRAMMING\Projects\WebApps\TMS\tms_v0.0.9\accounts\admin.py changed, reloading.
INFO 2025-11-04 18:20:29,990 autoreload 26380 28692 Watching for file changes with StatReloader
INFO 2025-11-04 18:20:32,256 autoreload 26380 28692 C:\DAJ\PROGRAMMING\Projects\WebApps\TMS\tms_v0.0.9\accounts\admin.py changed, reloading.
INFO 2025-11-04 18:20:33,243 autoreload 824 24760 Watching for file changes with StatReloader
INFO 2025-11-04 18:20:45,971 autoreload 824 24760 C:\DAJ\PROGRAMMING\Projects\WebApps\TMS\tms_v0.0.9\accounts\admin.py changed, reloading.
INFO 2025-11-04 18:20:46,612 autoreload 27064 30376 Watching for file changes with StatReloader
INFO 2025-11-04 18:20:52,898 autoreload 27064 30376 C:\DAJ\PROGRAMMING\Projects\WebApps\TMS\tms_v0.0.9\accounts\admin.py changed, reloading.
INFO 2025-11-04 18:20:53,546 autoreload 17808 26216 Watching for file changes with StatReloader
INFO 2025-11-04 18:20:55,761 autoreload 17808 26216 C:\DAJ\PROGRAMMING\Projects\WebApps\TMS\tms_v0.0.9\accounts\admin.py changed, reloading.
INFO 2025-11-04 18:20:56,520 autoreload 10244 17884 Watching for file changes with StatReloader
INFO 2025-11-04 18:21:06,136 autoreload 10244 17884 C:\DAJ\PROGRAMMING\Projects\WebApps\TMS\tms_v0.0.9\accounts\admin.py changed, reloading.
INFO 2025-11-04 18:21:06,676 autoreload 25756 27668 Watching for file changes with StatReloader
INFO 2025-11-04 18:21:30,558 autoreload 25756 27668 C:\DAJ\PROGRAMMING\Projects\WebApps\TMS\tms_v0.0.9\accounts\admin.py changed, reloading.
INFO 2025-11-04 18:21:31,289 autoreload 28776 25984 Watching for file changes with StatReloader
INFO 2025-11-04 18:21:38,761 autoreload 28776 25984 C:\DAJ\PROGRAMMING\Projects\WebApps\TMS\tms_v0.0.9\accounts\admin.py changed, reloading.
INFO 2025-11-04 18:21:39,718 autoreload 15512 2964 Watching for file changes with StatReloader
INFO 2025-11-04 18:21:44,034 autoreload 15512 2964 C:\DAJ\PROGRAMMING\Projects\WebApps\TMS\tms_v0.0.9\accounts\admin.py changed, reloading.
INFO 2025-11-04 18:21:45,131 autoreload 17080 25748 Watching for file changes with StatReloader
INFO 2025-11-04 18:21:48,474 autoreload 17080 25748 C:\DAJ\PROGRAMMING\Projects\WebApps\TMS\tms_v0.0.9\accounts\admin.py changed, reloading.
INFO 2025-11-04 18:21:49,070 autoreload 24760 27628 Watching for file changes with StatReloader
INFO 2025-11-04 18:21:51,358 autoreload 24760 27628 C:\DAJ\PROGRAMMING\Projects\WebApps\TMS\tms_v0.0.9\accounts\admin.py changed, reloading.
INFO 2025-11-04 18:21:52,315 autoreload 15068 948 Watching for file changes with StatReloader
INFO 2025-11-04 18:21:55,586 autoreload 15068 948 C:\DAJ\PROGRAMMING\Projects\WebApps\TMS\tms_v0.0.9\accounts\admin.py changed, reloading.
INFO 2025-11-04 18:21:56,073 autoreload 14220 17248 Watching for file changes with StatReloader
INFO 2025-11-04 18:22:04,418 autoreload 14220 17248 C:\DAJ\PROGRAMMING\Projects\WebApps\TMS\tms_v0.0.9\accounts\admin.py changed, reloading.
INFO 2025-11-04 18:22:05,261 autoreload 16708 20720 Watching for file changes with StatReloader
INFO 2025-11-04 18:22:07,625 autoreload 16708 20720 C:\DAJ\PROGRAMMING\Projects\WebApps\TMS\tms_v0.0.9\accounts\admin.py changed, reloading.
INFO 2025-11-04 18:22:08,909 autoreload 14440 9368 Watching for file changes with StatReloader
INFO 2025-11-04 18:22:16,206 autoreload 14440 9368 C:\DAJ\PROGRAMMING\Projects\WebApps\TMS\tms_v0.0.9\accounts\admin.py changed, reloading.
INFO 2025-11-04 18:22:16,712 autoreload 30092 27668 Watching for file changes with StatReloader
INFO 2025-11-04 18:22:17,913 autoreload 30092 27668 C:\DAJ\PROGRAMMING\Projects\WebApps\TMS\tms_v0.0.9\accounts\admin.py changed, reloading.
INFO 2025-11-04 18:22:18,629 autoreload 23728 21032 Watching for file changes with StatReloader
INFO 2025-11-04 18:22:20,848 autoreload 23728 21032 C:\DAJ\PROGRAMMING\Projects\WebApps\TMS\tms_v0.0.9\accounts\admin.py changed, reloading.
INFO 2025-11-04 18:22:21,548 autoreload 4592 16872 Watching for file changes with StatReloader
INFO 2025-11-04 18:22:23,843 autoreload 4592 16872 C:\DAJ\PROGRAMMING\Projects\WebApps\TMS\tms_v0.0.9\accounts\admin.py changed, reloading.
INFO 2025-11-04 18:22:24,426 autoreload 6848 2988 Watching for file changes with StatReloader
INFO 2025-11-04 18:22:27,666 autoreload 6848 2988 C:\DAJ\PROGRAMMING\Projects\WebApps\TMS\tms_v0.0.9\accounts\admin.py changed, reloading.
INFO 2025-11-04 18:22:28,266 autoreload 27080 27776 Watching for file changes with StatReloader
INFO 2025-11-04 18:22:29,478 autoreload 27080 27776 C:\DAJ\PROGRAMMING\Projects\WebApps\TMS\tms_v0.0.9\accounts\admin.py changed, reloading.
INFO 2025-11-04 18:22:30,531 autoreload 18340 14116 Watching for file changes with StatReloader
INFO 2025-11-04 18:22:34,891 autoreload 18340 14116 C:\DAJ\PROGRAMMING\Projects\WebApps\TMS\tms_v0.0.9\accounts\admin.py changed, reloading.
INFO 2025-11-04 18:22:36,055 autoreload 9524 10924 Watching for file changes with StatReloader
INFO 2025-11-04 18:22:38,300 autoreload 9524 10924 C:\DAJ\PROGRAMMING\Projects\WebApps\TMS\tms_v0.0.9\accounts\admin.py changed, reloading.
INFO 2025-11-04 18:22:39,152 autoreload 9168 11780 Watching for file changes with StatReloader
INFO 2025-11-04 18:22:49,589 autoreload 9168 11780 C:\DAJ\PROGRAMMING\Projects\WebApps\TMS\tms_v0.0.9\accounts\admin.py changed, reloading.
INFO 2025-11-04 18:22:50,174 autoreload 25032 20880 Watching for file changes with StatReloader
INFO 2025-11-04 18:22:53,441 autoreload 25032 20880 C:\DAJ\PROGRAMMING\Projects\WebApps\TMS\tms_v0.0.9\accounts\admin.py changed, reloading.
INFO 2025-11-04 18:22:54,457 autoreload 17248 14220 Watching for file changes with StatReloader
INFO 2025-11-04 18:22:56,714 autoreload 17248 14220 C:\DAJ\PROGRAMMING\Projects\WebApps\TMS\tms_v0.0.9\accounts\admin.py changed, reloading.
INFO 2025-11-04 18:22:57,839 autoreload 4900 23064 Watching for file changes with StatReloader
INFO 2025-11-04 18:23:02,131 autoreload 4900 23064 C:\DAJ\PROGRAMMING\Projects\WebApps\TMS\tms_v0.0.9\accounts\admin.py changed, reloading.
INFO 2025-11-04 18:23:02,836 autoreload 29140 25676 Watching for file changes with StatReloader
INFO 2025-11-04 18:23:06,059 autoreload 29140 25676 C:\DAJ\PROGRAMMING\Projects\WebApps\TMS\tms_v0.0.9\accounts\admin.py changed, reloading.
INFO 2025-11-04 18:23:06,726 autoreload 19092 7964 Watching for file changes with StatReloader
INFO 2025-11-04 18:23:10,976 autoreload 19092 7964 C:\DAJ\PROGRAMMING\Projects\WebApps\TMS\tms_v0.0.9\accounts\admin.py changed, reloading.
INFO 2025-11-04 18:23:11,461 autoreload 27792 27164 Watching for file changes with StatReloader
INFO 2025-11-04 18:23:16,894 autoreload 27792 27164 C:\DAJ\PROGRAMMING\Projects\WebApps\TMS\tms_v0.0.9\accounts\admin.py changed, reloading.
INFO 2025-11-04 18:23:17,384 autoreload 24872 2872 Watching for file changes with StatReloader
INFO 2025-11-04 18:23:26,780 autoreload 24872 2872 C:\DAJ\PROGRAMMING\Projects\WebApps\TMS\tms_v0.0.9\accounts\admin.py changed, reloading.
INFO 2025-11-04 18:23:27,422 autoreload 29760 27456 Watching for file changes with StatReloader
INFO 2025-11-04 18:23:37,839 autoreload 29760 27456 C:\DAJ\PROGRAMMING\Projects\WebApps\TMS\tms_v0.0.9\accounts\admin.py changed, reloading.
INFO 2025-11-04 18:23:38,360 autoreload 26440 26208 Watching for file changes with StatReloader
INFO 2025-11-04 18:24:07,432 autoreload 26440 26208 C:\DAJ\PROGRAMMING\Projects\WebApps\TMS\tms_v0.0.9\accounts\urls.py changed, reloading.
INFO 2025-11-04 18:24:08,128 autoreload 28788 25084 Watching for file changes with StatReloader
INFO 2025-11-04 18:24:10,369 autoreload 28788 25084 C:\DAJ\PROGRAMMING\Projects\WebApps\TMS\tms_v0.0.9\accounts\urls.py changed, reloading.
INFO 2025-11-04 18:24:10,876 autoreload 29556 4508 Watching for file changes with StatReloader
INFO 2025-11-04 18:24:19,181 autoreload 29556 4508 C:\DAJ\PROGRAMMING\Projects\WebApps\TMS\tms_v0.0.9\accounts\urls.py changed, reloading.
INFO 2025-11-04 18:24:20,180 autoreload 9076 25396 Watching for file changes with StatReloader
INFO 2025-11-05 18:33:30,834 autoreload 15016 29992 Watching for file changes with StatReloader
INFO 2025-11-05 18:34:38,400 autoreload 15016 29992 C:\DAJ\PROGRAMMING\Projects\WebApps\TMS\tms_v0.0.9\accounts\views.py changed, reloading.
INFO 2025-11-05 18:34:39,426 autoreload 4512 32144 Watching for file changes with StatReloader
INFO 2025-11-05 18:38:28,146 autoreload 4512 32144 C:\DAJ\PROGRAMMING\Projects\WebApps\TMS\tms_v0.0.9\accounts\admin.py changed, reloading.
INFO 2025-11-05 18:38:29,197 autoreload 15404 4900 Watching for file changes with StatReloader
INFO 2025-11-05 18:38:32,593 autoreload 15404 4900 C:\DAJ\PROGRAMMING\Projects\WebApps\TMS\tms_v0.0.9\accounts\admin.py changed, reloading.
INFO 2025-11-05 18:38:33,140 autoreload 30000 32724 Watching for file changes with StatReloader
INFO 2025-11-05 18:38:49,662 basehttp 30000 19856 "GET / HTTP/1.1" 200 8092
INFO 2025-11-05 18:40:20,575 basehttp 30000 23108 "GET / HTTP/1.1" 200 8082
INFO 2025-11-05 18:40:32,081 basehttp 30000 15992 "GET / HTTP/1.1" 200 8094
INFO 2025-11-05 18:41:13,049 basehttp 30000 32116 "GET / HTTP/1.1" 200 8091
INFO 2025-11-05 18:41:22,103 basehttp 30000 32116 "GET / HTTP/1.1" 200 8089
INFO 2025-11-05 18:41:32,739 basehttp 30000 32116 "GET / HTTP/1.1" 200 8089
INFO 2025-11-05 18:41:34,240 basehttp 30000 32116 "GET / HTTP/1.1" 200 8092
INFO 2025-11-05 18:41:46,202 basehttp 30000 32116 "GET / HTTP/1.1" 200 8092
INFO 2025-11-05 18:41:57,543 basehttp 30000 32116 "GET / HTTP/1.1" 200 8089
INFO 2025-11-05 18:45:13,134 basehttp 30000 29080 "GET / HTTP/1.1" 200 8092
INFO 2025-11-07 14:57:50,337 autoreload 16668 17896 Watching for file changes with StatReloader
INFO 2025-11-07 16:23:05,499 basehttp 16668 28172 "GET / HTTP/1.1" 200 7007
INFO 2025-11-07 16:24:12,019 basehttp 16668 5768 "GET / HTTP/1.1" 200 7131
INFO 2025-11-07 16:24:28,532 basehttp 16668 17856 "GET / HTTP/1.1" 200 6802
INFO 2025-11-07 16:24:45,380 basehttp 16668 18612 "GET / HTTP/1.1" 200 6931
INFO 2025-11-07 16:24:53,720 basehttp 16668 5768 "GET / HTTP/1.1" 200 6940
INFO 2025-11-07 18:57:22,010 basehttp 16668 5436 "GET / HTTP/1.1" 200 6940
INFO 2025-11-09 19:06:32,039 basehttp 16668 40828 "GET / HTTP/1.1" 200 11477
INFO 2025-11-09 19:06:48,400 basehttp 16668 2648 "GET /accounts/login/ HTTP/1.1" 200 9874
ERROR 2025-11-09 19:07:09,168 log 16668 38652 Internal Server Error: /accounts/register/
Traceback (most recent call last):
  File "C:\DAJ\PROGRAMMING\Projects\WebApps\TMS\tms_v0.0.9\.venv\Lib\site-packages\django\core\handlers\exception.py", line 55, in inner
    response = get_response(request)
  File "C:\DAJ\PROGRAMMING\Projects\WebApps\TMS\tms_v0.0.9\.venv\Lib\site-packages\django\core\handlers\base.py", line 220, in _get_response
    response = response.render()
  File "C:\DAJ\PROGRAMMING\Projects\WebApps\TMS\tms_v0.0.9\.venv\Lib\site-packages\django\template\response.py", line 114, in render
    self.content = self.rendered_content
                   ^^^^^^^^^^^^^^^^^^^^^
  File "C:\DAJ\PROGRAMMING\Projects\WebApps\TMS\tms_v0.0.9\.venv\Lib\site-packages\django\template\response.py", line 90, in rendered_content
    template = self.resolve_template(self.template_name)
  File "C:\DAJ\PROGRAMMING\Projects\WebApps\TMS\tms_v0.0.9\.venv\Lib\site-packages\django\template\response.py", line 72, in resolve_template
    return select_template(template, using=self.using)
  File "C:\DAJ\PROGRAMMING\Projects\WebApps\TMS\tms_v0.0.9\.venv\Lib\site-packages\django\template\loader.py", line 47, in select_template
    raise TemplateDoesNotExist(", ".join(template_name_list), chain=chain)
django.template.exceptions.TemplateDoesNotExist: accounts/register.html
ERROR 2025-11-09 19:07:09,178 basehttp 16668 38652 "GET /accounts/register/ HTTP/1.1" 500 86938
WARNING 2025-11-09 19:07:09,292 basehttp 16668 38652 "GET /favicon.ico HTTP/1.1" 404 3469
INFO 2025-11-09 21:29:21,927 autoreload 40648 33388 Watching for file changes with StatReloader
INFO 2025-11-09 21:34:19,664 basehttp 40648 40908 "GET / HTTP/1.1" 200 11477
INFO 2025-11-09 21:34:23,121 basehttp 40648 3364 "GET / HTTP/1.1" 200 11477
INFO 2025-11-09 21:34:29,899 basehttp 40648 3364 "GET /accounts/register/ HTTP/1.1" 200 12718
INFO 2025-11-09 21:34:58,665 basehttp 40648 24224 "GET /accounts/login/ HTTP/1.1" 200 9874
INFO 2025-11-10 00:40:36,285 basehttp 40648 28048 "GET /accounts/register/ HTTP/1.1" 200 12718
INFO 2025-11-10 00:40:40,517 basehttp 40648 28048 "GET / HTTP/1.1" 200 11477
INFO 2025-11-10 00:40:49,313 basehttp 40648 39852 "GET /accounts/register/ HTTP/1.1" 200 12718
INFO 2025-11-10 00:41:32,746 basehttp 40648 16420 "POST /accounts/register/ HTTP/1.1" 200 13354
INFO 2025-11-10 00:41:52,232 basehttp 40648 34376 "POST /accounts/register/ HTTP/1.1" 200 13104
INFO 2025-11-10 00:42:09,580 basehttp 40648 35464 "POST /accounts/register/ HTTP/1.1" 302 0
ERROR 2025-11-10 00:42:09,700 log 40648 35464 Internal Server Error: /tenants/
Traceback (most recent call last):
  File "C:\DAJ\PROGRAMMING\Projects\WebApps\TMS\tms_v0.0.9\.venv\Lib\site-packages\django\core\handlers\exception.py", line 55, in inner
    response = get_response(request)
  File "C:\DAJ\PROGRAMMING\Projects\WebApps\TMS\tms_v0.0.9\.venv\Lib\site-packages\django\core\handlers\base.py", line 220, in _get_response
    response = response.render()
  File "C:\DAJ\PROGRAMMING\Projects\WebApps\TMS\tms_v0.0.9\.venv\Lib\site-packages\django\template\response.py", line 114, in render
    self.content = self.rendered_content
                   ^^^^^^^^^^^^^^^^^^^^^
  File "C:\DAJ\PROGRAMMING\Projects\WebApps\TMS\tms_v0.0.9\.venv\Lib\site-packages\django\template\response.py", line 90, in rendered_content
    template = self.resolve_template(self.template_name)
  File "C:\DAJ\PROGRAMMING\Projects\WebApps\TMS\tms_v0.0.9\.venv\Lib\site-packages\django\template\response.py", line 72, in resolve_template
    return select_template(template, using=self.using)
  File "C:\DAJ\PROGRAMMING\Projects\WebApps\TMS\tms_v0.0.9\.venv\Lib\site-packages\django\template\loader.py", line 47, in select_template
    raise TemplateDoesNotExist(", ".join(template_name_list), chain=chain)
django.template.exceptions.TemplateDoesNotExist: tenants/select.html, tenants/tenantuser_list.html
ERROR 2025-11-10 00:42:09,707 basehttp 40648 35464 "GET /tenants/ HTTP/1.1" 500 89257
INFO 2025-11-10 00:42:19,261 basehttp 40648 36940 "GET /accounts/register/ HTTP/1.1" 302 0
INFO 2025-11-10 00:42:29,880 basehttp 40648 15512 "GET /admin HTTP/1.1" 301 0
INFO 2025-11-10 00:42:29,896 basehttp 40648 32156 "GET /admin/ HTTP/1.1" 302 0
INFO 2025-11-10 00:42:29,950 basehttp 40648 32156 "GET /admin/login/?next=/admin/ HTTP/1.1" 200 3840
INFO 2025-11-10 00:42:30,071 basehttp 40648 32156 "GET /static/admin/css/base.css HTTP/1.1" 200 22120
INFO 2025-11-10 00:42:30,079 basehttp 40648 32156 "GET /static/admin/css/dark_mode.css HTTP/1.1" 200 2808
INFO 2025-11-10 00:42:30,089 basehttp 40648 32156 "GET /static/admin/css/nav_sidebar.css HTTP/1.1" 200 2810
INFO 2025-11-10 00:42:30,096 basehttp 40648 32156 "GET /static/admin/css/login.css HTTP/1.1" 200 951
INFO 2025-11-10 00:42:30,103 basehttp 40648 32156 "GET /static/admin/css/responsive.css HTTP/1.1" 200 16565
INFO 2025-11-10 00:42:30,107 basehttp 40648 32156 "GET /static/admin/js/theme.js HTTP/1.1" 200 1653
INFO 2025-11-10 00:42:30,110 basehttp 40648 32156 "GET /static/admin/js/nav_sidebar.js HTTP/1.1" 200 3063
INFO 2025-11-10 00:42:30,136 basehttp 40648 32156 "GET /static/admin/img/icon-yes.svg HTTP/1.1" 200 436
INFO 2025-11-10 00:42:41,383 basehttp 40648 7808 "POST /admin/login/?next=/admin/ HTTP/1.1" 200 3854
INFO 2025-11-10 00:44:37,174 autoreload 8280 36688 Watching for file changes with StatReloader
INFO 2025-11-10 00:44:42,412 basehttp 8280 24472 "POST /admin/login/?next=/admin/ HTTP/1.1" 302 0
INFO 2025-11-10 00:44:42,464 basehttp 8280 24472 "GET /admin/ HTTP/1.1" 200 10020
INFO 2025-11-10 00:44:42,536 basehttp 8280 24472 "GET /static/admin/css/dashboard.css HTTP/1.1" 200 441
INFO 2025-11-10 00:44:42,551 basehttp 8280 24472 "GET /static/admin/img/icon-addlink.svg HTTP/1.1" 200 331
INFO 2025-11-10 00:44:42,551 basehttp 8280 34424 "GET /static/admin/img/icon-changelink.svg HTTP/1.1" 200 380
INFO 2025-11-10 00:44:47,068 basehttp 8280 34424 "GET /admin/tenants/tenant/ HTTP/1.1" 200 12784
INFO 2025-11-10 00:44:47,114 basehttp 8280 34424 "GET /static/admin/css/changelists.css HTTP/1.1" 200 6878
INFO 2025-11-10 00:44:47,120 basehttp 8280 7388 "GET /static/admin/js/jquery.init.js HTTP/1.1" 200 347
INFO 2025-11-10 00:44:47,127 basehttp 8280 34424 "GET /static/admin/js/core.js HTTP/1.1" 200 6208
INFO 2025-11-10 00:44:47,132 basehttp 8280 7388 "GET /static/admin/js/admin/RelatedObjectLookups.js HTTP/1.1" 200 9777
INFO 2025-11-10 00:44:47,135 basehttp 8280 34424 "GET /static/admin/js/actions.js HTTP/1.1" 200 8076
INFO 2025-11-10 00:44:47,137 basehttp 8280 7388 "GET /static/admin/js/urlify.js HTTP/1.1" 200 7887
INFO 2025-11-10 00:44:47,140 basehttp 8280 34424 "GET /static/admin/js/prepopulate.js HTTP/1.1" 200 1531
INFO 2025-11-10 00:44:47,142 basehttp 8280 24472 "GET /static/admin/js/vendor/jquery/jquery.js HTTP/1.1" 200 285314
INFO 2025-11-10 00:44:47,150 basehttp 8280 24472 "GET /static/admin/img/search.svg HTTP/1.1" 200 458
INFO 2025-11-10 00:44:47,159 basehttp 8280 34424 "GET /admin/jsi18n/ HTTP/1.1" 200 3342
INFO 2025-11-10 00:44:47,163 basehttp 8280 7388 "GET /static/admin/js/vendor/xregexp/xregexp.js HTTP/1.1" 200 325171
INFO 2025-11-10 00:44:47,167 basehttp 8280 34424 "GET /static/admin/js/filters.js HTTP/1.1" 200 978
INFO 2025-11-10 00:44:47,230 basehttp 8280 7388 "GET /static/admin/img/icon-viewlink.svg HTTP/1.1" 200 581
INFO 2025-11-10 00:44:47,230 basehttp 8280 34424 "GET /static/admin/img/tooltag-add.svg HTTP/1.1" 200 331
INFO 2025-11-10 00:44:49,589 basehttp 8280 34424 "GET /admin/tenants/tenant/add/ HTTP/1.1" 200 21753
INFO 2025-11-10 00:44:49,616 basehttp 8280 34424 "GET /static/admin/css/forms.css HTTP/1.1" 200 8525
INFO 2025-11-10 00:44:49,632 basehttp 8280 21140 "GET /static/admin/js/prepopulate_init.js HTTP/1.1" 200 586
INFO 2025-11-10 00:44:49,634 basehttp 8280 34424 "GET /static/admin/js/calendar.js HTTP/1.1" 200 9141
INFO 2025-11-10 00:44:49,637 basehttp 8280 7388 "GET /static/admin/js/admin/DateTimeShortcuts.js HTTP/1.1" 200 19319
INFO 2025-11-10 00:44:49,641 basehttp 8280 20436 "GET /static/admin/css/widgets.css HTTP/1.1" 200 11991
INFO 2025-11-10 00:44:49,642 basehttp 8280 24472 "GET /admin/jsi18n/ HTTP/1.1" 200 3342
INFO 2025-11-10 00:44:49,650 basehttp 8280 24472 "GET /static/admin/js/change_form.js HTTP/1.1" 200 606
INFO 2025-11-10 00:44:49,761 basehttp 8280 24472 "GET /static/admin/img/icon-calendar.svg HTTP/1.1" 200 1086
INFO 2025-11-10 00:44:49,764 basehttp 8280 20436 "GET /static/admin/img/icon-clock.svg HTTP/1.1" 200 677
INFO 2025-11-10 00:46:48,911 autoreload 8280 36688 C:\DAJ\PROGRAMMING\Projects\WebApps\TMS\tms_v0.0.9\tenants\models.py changed, reloading.
INFO 2025-11-10 00:46:49,833 autoreload 39044 40564 Watching for file changes with StatReloader
INFO 2025-11-10 00:46:55,103 autoreload 39044 40564 C:\DAJ\PROGRAMMING\Projects\WebApps\TMS\tms_v0.0.9\tenants\models.py changed, reloading.
INFO 2025-11-10 00:46:55,726 autoreload 28064 7120 Watching for file changes with StatReloader
INFO 2025-11-10 00:46:57,095 autoreload 28064 7120 C:\DAJ\PROGRAMMING\Projects\WebApps\TMS\tms_v0.0.9\tenants\models.py changed, reloading.
INFO 2025-11-10 00:46:57,906 autoreload 35776 39384 Watching for file changes with StatReloader
INFO 2025-11-10 00:46:59,199 autoreload 35776 39384 C:\DAJ\PROGRAMMING\Projects\WebApps\TMS\tms_v0.0.9\tenants\models.py changed, reloading.
INFO 2025-11-10 00:47:00,439 autoreload 34168 35404 Watching for file changes with StatReloader
INFO 2025-11-10 00:47:01,977 autoreload 34168 35404 C:\DAJ\PROGRAMMING\Projects\WebApps\TMS\tms_v0.0.9\tenants\models.py changed, reloading.
INFO 2025-11-10 00:47:02,629 autoreload 40348 38308 Watching for file changes with StatReloader
INFO 2025-11-10 00:47:12,089 autoreload 40348 38308 C:\DAJ\PROGRAMMING\Projects\WebApps\TMS\tms_v0.0.9\tenants\models.py changed, reloading.
INFO 2025-11-10 00:47:12,809 autoreload 39984 35348 Watching for file changes with StatReloader
INFO 2025-11-10 00:47:14,050 autoreload 39984 35348 C:\DAJ\PROGRAMMING\Projects\WebApps\TMS\tms_v0.0.9\tenants\models.py changed, reloading.
INFO 2025-11-10 00:47:14,590 autoreload 39228 22480 Watching for file changes with StatReloader
INFO 2025-11-10 00:47:17,835 autoreload 39228 22480 C:\DAJ\PROGRAMMING\Projects\WebApps\TMS\tms_v0.0.9\tenants\models.py changed, reloading.
INFO 2025-11-10 00:47:18,419 autoreload 11324 39780 Watching for file changes with StatReloader
INFO 2025-11-10 00:47:57,630 autoreload 3364 40196 Watching for file changes with StatReloader
INFO 2025-11-10 00:48:03,193 basehttp 3364 1804 "GET /admin/tenants/tenant/ HTTP/1.1" 200 12784
INFO 2025-11-10 00:48:03,279 basehttp 3364 1804 "GET /admin/jsi18n/ HTTP/1.1" 200 3342
INFO 2025-11-10 00:48:04,576 basehttp 3364 1804 "GET /admin/tenants/tenant/add/ HTTP/1.1" 200 21712
INFO 2025-11-10 00:48:04,601 basehttp 3364 1804 "GET /admin/jsi18n/ HTTP/1.1" 200 3342
INFO 2025-11-10 00:48:19,880 autoreload 3364 40196 C:\DAJ\PROGRAMMING\Projects\WebApps\TMS\tms_v0.0.9\tenants\models.py changed, reloading.
INFO 2025-11-10 00:48:20,468 autoreload 34936 9580 Watching for file changes with StatReloader
INFO 2025-11-10 00:48:28,673 basehttp 34936 20332 "GET /admin/tenants/tenant/add/ HTTP/1.1" 200 21684
INFO 2025-11-10 00:48:28,708 basehttp 34936 20332 "GET /admin/jsi18n/ HTTP/1.1" 200 3342
INFO 2025-11-10 00:49:41,124 autoreload 34936 9580 C:\DAJ\PROGRAMMING\Projects\WebApps\TMS\tms_v0.0.9\tenants\models.py changed, reloading.
INFO 2025-11-10 00:49:41,713 autoreload 26748 17344 Watching for file changes with StatReloader
ERROR 2025-11-10 00:49:44,604 log 26748 36580 Internal Server Error: /admin/tenants/tenant/add/
Traceback (most recent call last):
  File "C:\DAJ\PROGRAMMING\Projects\WebApps\TMS\tms_v0.0.9\.venv\Lib\site-packages\django\contrib\admin\options.py", line 840, in get_form
    return modelform_factory(self.model, **defaults)
  File "C:\DAJ\PROGRAMMING\Projects\WebApps\TMS\tms_v0.0.9\.venv\Lib\site-packages\django\forms\models.py", line 654, in modelform_factory
    return type(form)(class_name, (form,), form_class_attrs)
           ~~~~~~~~~~^^^^^^^^^^^^^^^^^^^^^^^^^^^^^^^^^^^^^^^
  File "C:\DAJ\PROGRAMMING\Projects\WebApps\TMS\tms_v0.0.9\.venv\Lib\site-packages\django\forms\models.py", line 334, in __new__
    raise FieldError(message)
django.core.exceptions.FieldError: Unknown field(s) (settings) specified for Tenant

During handling of the above exception, another exception occurred:

Traceback (most recent call last):
  File "C:\DAJ\PROGRAMMING\Projects\WebApps\TMS\tms_v0.0.9\.venv\Lib\site-packages\django\core\handlers\exception.py", line 55, in inner
    response = get_response(request)
  File "C:\DAJ\PROGRAMMING\Projects\WebApps\TMS\tms_v0.0.9\.venv\Lib\site-packages\django\core\handlers\base.py", line 197, in _get_response
    response = wrapped_callback(request, *callback_args, **callback_kwargs)
  File "C:\DAJ\PROGRAMMING\Projects\WebApps\TMS\tms_v0.0.9\.venv\Lib\site-packages\django\contrib\admin\options.py", line 719, in wrapper
    return self.admin_site.admin_view(view)(*args, **kwargs)
           ~~~~~~~~~~~~~~~~~~~~~~~~~~~~~~~~^^^^^^^^^^^^^^^^^
  File "C:\DAJ\PROGRAMMING\Projects\WebApps\TMS\tms_v0.0.9\.venv\Lib\site-packages\django\utils\decorators.py", line 192, in _view_wrapper
    result = _process_exception(request, e)
  File "C:\DAJ\PROGRAMMING\Projects\WebApps\TMS\tms_v0.0.9\.venv\Lib\site-packages\django\utils\decorators.py", line 190, in _view_wrapper
    response = view_func(request, *args, **kwargs)
  File "C:\DAJ\PROGRAMMING\Projects\WebApps\TMS\tms_v0.0.9\.venv\Lib\site-packages\django\views\decorators\cache.py", line 80, in _view_wrapper
    response = view_func(request, *args, **kwargs)
  File "C:\DAJ\PROGRAMMING\Projects\WebApps\TMS\tms_v0.0.9\.venv\Lib\site-packages\django\contrib\admin\sites.py", line 246, in inner
    return view(request, *args, **kwargs)
  File "C:\DAJ\PROGRAMMING\Projects\WebApps\TMS\tms_v0.0.9\.venv\Lib\site-packages\django\contrib\admin\options.py", line 1984, in add_view
    return self.changeform_view(request, None, form_url, extra_context)
           ~~~~~~~~~~~~~~~~~~~~^^^^^^^^^^^^^^^^^^^^^^^^^^^^^^^^^^^^^^^^
  File "C:\DAJ\PROGRAMMING\Projects\WebApps\TMS\tms_v0.0.9\.venv\Lib\site-packages\django\utils\decorators.py", line 48, in _wrapper
    return bound_method(*args, **kwargs)
  File "C:\DAJ\PROGRAMMING\Projects\WebApps\TMS\tms_v0.0.9\.venv\Lib\site-packages\django\utils\decorators.py", line 192, in _view_wrapper
    result = _process_exception(request, e)
  File "C:\DAJ\PROGRAMMING\Projects\WebApps\TMS\tms_v0.0.9\.venv\Lib\site-packages\django\utils\decorators.py", line 190, in _view_wrapper
    response = view_func(request, *args, **kwargs)
  File "C:\DAJ\PROGRAMMING\Projects\WebApps\TMS\tms_v0.0.9\.venv\Lib\site-packages\django\contrib\admin\options.py", line 1840, in changeform_view
    return self._changeform_view(request, object_id, form_url, extra_context)
           ~~~~~~~~~~~~~~~~~~~~~^^^^^^^^^^^^^^^^^^^^^^^^^^^^^^^^^^^^^^^^^^^^^
  File "C:\DAJ\PROGRAMMING\Projects\WebApps\TMS\tms_v0.0.9\.venv\Lib\site-packages\django\contrib\admin\options.py", line 1878, in _changeform_view
    ModelForm = self.get_form(
        request, obj, change=not add, fields=flatten_fieldsets(fieldsets)
    )
  File "C:\DAJ\PROGRAMMING\Projects\WebApps\TMS\tms_v0.0.9\.venv\Lib\site-packages\django\contrib\admin\options.py", line 842, in get_form
    raise FieldError(
    ...<2 lines>...
    )
django.core.exceptions.FieldError: Unknown field(s) (settings) specified for Tenant. Check fields/fieldsets/exclude attributes of class TenantAdmin.
ERROR 2025-11-10 00:49:44,608 basehttp 26748 36580 "GET /admin/tenants/tenant/add/ HTTP/1.1" 500 154660
INFO 2025-11-10 00:49:56,496 autoreload 26748 17344 C:\DAJ\PROGRAMMING\Projects\WebApps\TMS\tms_v0.0.9\tenants\admin.py changed, reloading.
INFO 2025-11-10 00:49:57,097 autoreload 4952 8564 Watching for file changes with StatReloader
INFO 2025-11-10 00:50:31,970 autoreload 4952 8564 C:\DAJ\PROGRAMMING\Projects\WebApps\TMS\tms_v0.0.9\tenants\admin.py changed, reloading.
INFO 2025-11-10 00:50:32,474 autoreload 40708 4416 Watching for file changes with StatReloader
ERROR 2025-11-10 00:50:36,580 log 40708 38288 Internal Server Error: /admin/tenants/tenant/add/
Traceback (most recent call last):
  File "C:\DAJ\PROGRAMMING\Projects\WebApps\TMS\tms_v0.0.9\.venv\Lib\site-packages\django\contrib\admin\options.py", line 840, in get_form
    return modelform_factory(self.model, **defaults)
  File "C:\DAJ\PROGRAMMING\Projects\WebApps\TMS\tms_v0.0.9\.venv\Lib\site-packages\django\forms\models.py", line 654, in modelform_factory
    return type(form)(class_name, (form,), form_class_attrs)
           ~~~~~~~~~~^^^^^^^^^^^^^^^^^^^^^^^^^^^^^^^^^^^^^^^
  File "C:\DAJ\PROGRAMMING\Projects\WebApps\TMS\tms_v0.0.9\.venv\Lib\site-packages\django\forms\models.py", line 334, in __new__
    raise FieldError(message)
django.core.exceptions.FieldError: Unknown field(s) (settings) specified for Tenant

During handling of the above exception, another exception occurred:

Traceback (most recent call last):
  File "C:\DAJ\PROGRAMMING\Projects\WebApps\TMS\tms_v0.0.9\.venv\Lib\site-packages\django\core\handlers\exception.py", line 55, in inner
    response = get_response(request)
  File "C:\DAJ\PROGRAMMING\Projects\WebApps\TMS\tms_v0.0.9\.venv\Lib\site-packages\django\core\handlers\base.py", line 197, in _get_response
    response = wrapped_callback(request, *callback_args, **callback_kwargs)
  File "C:\DAJ\PROGRAMMING\Projects\WebApps\TMS\tms_v0.0.9\.venv\Lib\site-packages\django\contrib\admin\options.py", line 719, in wrapper
    return self.admin_site.admin_view(view)(*args, **kwargs)
           ~~~~~~~~~~~~~~~~~~~~~~~~~~~~~~~~^^^^^^^^^^^^^^^^^
  File "C:\DAJ\PROGRAMMING\Projects\WebApps\TMS\tms_v0.0.9\.venv\Lib\site-packages\django\utils\decorators.py", line 192, in _view_wrapper
    result = _process_exception(request, e)
  File "C:\DAJ\PROGRAMMING\Projects\WebApps\TMS\tms_v0.0.9\.venv\Lib\site-packages\django\utils\decorators.py", line 190, in _view_wrapper
    response = view_func(request, *args, **kwargs)
  File "C:\DAJ\PROGRAMMING\Projects\WebApps\TMS\tms_v0.0.9\.venv\Lib\site-packages\django\views\decorators\cache.py", line 80, in _view_wrapper
    response = view_func(request, *args, **kwargs)
  File "C:\DAJ\PROGRAMMING\Projects\WebApps\TMS\tms_v0.0.9\.venv\Lib\site-packages\django\contrib\admin\sites.py", line 246, in inner
    return view(request, *args, **kwargs)
  File "C:\DAJ\PROGRAMMING\Projects\WebApps\TMS\tms_v0.0.9\.venv\Lib\site-packages\django\contrib\admin\options.py", line 1984, in add_view
    return self.changeform_view(request, None, form_url, extra_context)
           ~~~~~~~~~~~~~~~~~~~~^^^^^^^^^^^^^^^^^^^^^^^^^^^^^^^^^^^^^^^^
  File "C:\DAJ\PROGRAMMING\Projects\WebApps\TMS\tms_v0.0.9\.venv\Lib\site-packages\django\utils\decorators.py", line 48, in _wrapper
    return bound_method(*args, **kwargs)
  File "C:\DAJ\PROGRAMMING\Projects\WebApps\TMS\tms_v0.0.9\.venv\Lib\site-packages\django\utils\decorators.py", line 192, in _view_wrapper
    result = _process_exception(request, e)
  File "C:\DAJ\PROGRAMMING\Projects\WebApps\TMS\tms_v0.0.9\.venv\Lib\site-packages\django\utils\decorators.py", line 190, in _view_wrapper
    response = view_func(request, *args, **kwargs)
  File "C:\DAJ\PROGRAMMING\Projects\WebApps\TMS\tms_v0.0.9\.venv\Lib\site-packages\django\contrib\admin\options.py", line 1840, in changeform_view
    return self._changeform_view(request, object_id, form_url, extra_context)
           ~~~~~~~~~~~~~~~~~~~~~^^^^^^^^^^^^^^^^^^^^^^^^^^^^^^^^^^^^^^^^^^^^^
  File "C:\DAJ\PROGRAMMING\Projects\WebApps\TMS\tms_v0.0.9\.venv\Lib\site-packages\django\contrib\admin\options.py", line 1878, in _changeform_view
    ModelForm = self.get_form(
        request, obj, change=not add, fields=flatten_fieldsets(fieldsets)
    )
  File "C:\DAJ\PROGRAMMING\Projects\WebApps\TMS\tms_v0.0.9\.venv\Lib\site-packages\django\contrib\admin\options.py", line 842, in get_form
    raise FieldError(
    ...<2 lines>...
    )
django.core.exceptions.FieldError: Unknown field(s) (settings) specified for Tenant. Check fields/fieldsets/exclude attributes of class TenantAdmin.
ERROR 2025-11-10 00:50:36,584 basehttp 40708 38288 "GET /admin/tenants/tenant/add/ HTTP/1.1" 500 154659
INFO 2025-11-10 00:51:17,322 autoreload 3364 15512 Watching for file changes with StatReloader
INFO 2025-11-10 00:51:20,647 basehttp 3364 33532 "GET /admin/tenants/tenant/add/ HTTP/1.1" 200 21587
INFO 2025-11-10 00:51:20,686 basehttp 3364 33532 "GET /admin/jsi18n/ HTTP/1.1" 200 3342
INFO 2025-11-10 00:51:58,260 autoreload 3364 15512 C:\DAJ\PROGRAMMING\Projects\WebApps\TMS\tms_v0.0.9\tenants\models.py changed, reloading.
INFO 2025-11-10 00:51:59,623 autoreload 26588 34676 Watching for file changes with StatReloader
INFO 2025-11-10 00:52:16,535 basehttp 26588 25952 "GET /static/admin/img/calendar-icons.svg HTTP/1.1" 200 2455
INFO 2025-11-10 00:52:30,754 basehttp 26588 34960 "POST /admin/tenants/tenant/add/ HTTP/1.1" 200 22039
INFO 2025-11-10 00:52:30,793 basehttp 26588 34960 "GET /admin/jsi18n/ HTTP/1.1" 200 3342
ERROR 2025-11-10 00:52:55,815 log 26588 26836 Internal Server Error: /admin/tenants/tenant/add/
Traceback (most recent call last):
  File "C:\DAJ\PROGRAMMING\Projects\WebApps\TMS\tms_v0.0.9\.venv\Lib\site-packages\django\db\backends\utils.py", line 105, in _execute
    return self.cursor.execute(sql, params)
           ~~~~~~~~~~~~~~~~~~~^^^^^^^^^^^^^
  File "C:\DAJ\PROGRAMMING\Projects\WebApps\TMS\tms_v0.0.9\.venv\Lib\site-packages\django\db\backends\sqlite3\base.py", line 360, in execute
    return super().execute(query, params)
           ~~~~~~~~~~~~~~~^^^^^^^^^^^^^^^
sqlite3.IntegrityError: NOT NULL constraint failed: tenants.settings

The above exception was the direct cause of the following exception:

Traceback (most recent call last):
  File "C:\DAJ\PROGRAMMING\Projects\WebApps\TMS\tms_v0.0.9\.venv\Lib\site-packages\django\core\handlers\exception.py", line 55, in inner
    response = get_response(request)
  File "C:\DAJ\PROGRAMMING\Projects\WebApps\TMS\tms_v0.0.9\.venv\Lib\site-packages\django\core\handlers\base.py", line 197, in _get_response
    response = wrapped_callback(request, *callback_args, **callback_kwargs)
  File "C:\DAJ\PROGRAMMING\Projects\WebApps\TMS\tms_v0.0.9\.venv\Lib\site-packages\django\contrib\admin\options.py", line 719, in wrapper
    return self.admin_site.admin_view(view)(*args, **kwargs)
           ~~~~~~~~~~~~~~~~~~~~~~~~~~~~~~~~^^^^^^^^^^^^^^^^^
  File "C:\DAJ\PROGRAMMING\Projects\WebApps\TMS\tms_v0.0.9\.venv\Lib\site-packages\django\utils\decorators.py", line 192, in _view_wrapper
    result = _process_exception(request, e)
  File "C:\DAJ\PROGRAMMING\Projects\WebApps\TMS\tms_v0.0.9\.venv\Lib\site-packages\django\utils\decorators.py", line 190, in _view_wrapper
    response = view_func(request, *args, **kwargs)
  File "C:\DAJ\PROGRAMMING\Projects\WebApps\TMS\tms_v0.0.9\.venv\Lib\site-packages\django\views\decorators\cache.py", line 80, in _view_wrapper
    response = view_func(request, *args, **kwargs)
  File "C:\DAJ\PROGRAMMING\Projects\WebApps\TMS\tms_v0.0.9\.venv\Lib\site-packages\django\contrib\admin\sites.py", line 246, in inner
    return view(request, *args, **kwargs)
  File "C:\DAJ\PROGRAMMING\Projects\WebApps\TMS\tms_v0.0.9\.venv\Lib\site-packages\django\contrib\admin\options.py", line 1984, in add_view
    return self.changeform_view(request, None, form_url, extra_context)
           ~~~~~~~~~~~~~~~~~~~~^^^^^^^^^^^^^^^^^^^^^^^^^^^^^^^^^^^^^^^^
  File "C:\DAJ\PROGRAMMING\Projects\WebApps\TMS\tms_v0.0.9\.venv\Lib\site-packages\django\utils\decorators.py", line 48, in _wrapper
    return bound_method(*args, **kwargs)
  File "C:\DAJ\PROGRAMMING\Projects\WebApps\TMS\tms_v0.0.9\.venv\Lib\site-packages\django\utils\decorators.py", line 192, in _view_wrapper
    result = _process_exception(request, e)
  File "C:\DAJ\PROGRAMMING\Projects\WebApps\TMS\tms_v0.0.9\.venv\Lib\site-packages\django\utils\decorators.py", line 190, in _view_wrapper
    response = view_func(request, *args, **kwargs)
  File "C:\DAJ\PROGRAMMING\Projects\WebApps\TMS\tms_v0.0.9\.venv\Lib\site-packages\django\contrib\admin\options.py", line 1843, in changeform_view
    return self._changeform_view(request, object_id, form_url, extra_context)
           ~~~~~~~~~~~~~~~~~~~~~^^^^^^^^^^^^^^^^^^^^^^^^^^^^^^^^^^^^^^^^^^^^^
  File "C:\DAJ\PROGRAMMING\Projects\WebApps\TMS\tms_v0.0.9\.venv\Lib\site-packages\django\contrib\admin\options.py", line 1894, in _changeform_view
    self.save_model(request, new_object, form, not add)
    ~~~~~~~~~~~~~~~^^^^^^^^^^^^^^^^^^^^^^^^^^^^^^^^^^^^
  File "C:\DAJ\PROGRAMMING\Projects\WebApps\TMS\tms_v0.0.9\.venv\Lib\site-packages\django\contrib\admin\options.py", line 1314, in save_model
    obj.save()
    ~~~~~~~~^^
  File "C:\DAJ\PROGRAMMING\Projects\WebApps\TMS\tms_v0.0.9\.venv\Lib\site-packages\django\db\models\base.py", line 902, in save
    self.save_base(
    ~~~~~~~~~~~~~~^
        using=using,
        ^^^^^^^^^^^^
    ...<2 lines>...
        update_fields=update_fields,
        ^^^^^^^^^^^^^^^^^^^^^^^^^^^^
    )
    ^
  File "C:\DAJ\PROGRAMMING\Projects\WebApps\TMS\tms_v0.0.9\.venv\Lib\site-packages\django\db\models\base.py", line 1008, in save_base
    updated = self._save_table(
        raw,
    ...<4 lines>...
        update_fields,
    )
  File "C:\DAJ\PROGRAMMING\Projects\WebApps\TMS\tms_v0.0.9\.venv\Lib\site-packages\django\db\models\base.py", line 1169, in _save_table
    results = self._do_insert(
        cls._base_manager, using, fields, returning_fields, raw
    )
  File "C:\DAJ\PROGRAMMING\Projects\WebApps\TMS\tms_v0.0.9\.venv\Lib\site-packages\django\db\models\base.py", line 1210, in _do_insert
    return manager._insert(
           ~~~~~~~~~~~~~~~^
        [self],
        ^^^^^^^
    ...<3 lines>...
        raw=raw,
        ^^^^^^^^
    )
    ^
  File "C:\DAJ\PROGRAMMING\Projects\WebApps\TMS\tms_v0.0.9\.venv\Lib\site-packages\django\db\models\manager.py", line 87, in manager_method
    return getattr(self.get_queryset(), name)(*args, **kwargs)
           ~~~~~~~~~~~~~~~~~~~~~~~~~~~~~~~~~~^^^^^^^^^^^^^^^^^
  File "C:\DAJ\PROGRAMMING\Projects\WebApps\TMS\tms_v0.0.9\.venv\Lib\site-packages\django\db\models\query.py", line 1868, in _insert
    return query.get_compiler(using=using).execute_sql(returning_fields)
           ~~~~~~~~~~~~~~~~~~~~~~~~~~~~~~~~~~~~~~~~~~~^^^^^^^^^^^^^^^^^^
  File "C:\DAJ\PROGRAMMING\Projects\WebApps\TMS\tms_v0.0.9\.venv\Lib\site-packages\django\db\models\sql\compiler.py", line 1882, in execute_sql
    cursor.execute(sql, params)
    ~~~~~~~~~~~~~~^^^^^^^^^^^^^
  File "C:\DAJ\PROGRAMMING\Projects\WebApps\TMS\tms_v0.0.9\.venv\Lib\site-packages\django\db\backends\utils.py", line 122, in execute
    return super().execute(sql, params)
           ~~~~~~~~~~~~~~~^^^^^^^^^^^^^
  File "C:\DAJ\PROGRAMMING\Projects\WebApps\TMS\tms_v0.0.9\.venv\Lib\site-packages\django\db\backends\utils.py", line 79, in execute
    return self._execute_with_wrappers(
           ~~~~~~~~~~~~~~~~~~~~~~~~~~~^
        sql, params, many=False, executor=self._execute
        ^^^^^^^^^^^^^^^^^^^^^^^^^^^^^^^^^^^^^^^^^^^^^^^
    )
    ^
  File "C:\DAJ\PROGRAMMING\Projects\WebApps\TMS\tms_v0.0.9\.venv\Lib\site-packages\django\db\backends\utils.py", line 92, in _execute_with_wrappers
    return executor(sql, params, many, context)
  File "C:\DAJ\PROGRAMMING\Projects\WebApps\TMS\tms_v0.0.9\.venv\Lib\site-packages\django\db\backends\utils.py", line 100, in _execute
    with self.db.wrap_database_errors:
         ^^^^^^^^^^^^^^^^^^^^^^^^^^^^
  File "C:\DAJ\PROGRAMMING\Projects\WebApps\TMS\tms_v0.0.9\.venv\Lib\site-packages\django\db\utils.py", line 91, in __exit__
    raise dj_exc_value.with_traceback(traceback) from exc_value
  File "C:\DAJ\PROGRAMMING\Projects\WebApps\TMS\tms_v0.0.9\.venv\Lib\site-packages\django\db\backends\utils.py", line 105, in _execute
    return self.cursor.execute(sql, params)
           ~~~~~~~~~~~~~~~~~~~^^^^^^^^^^^^^
  File "C:\DAJ\PROGRAMMING\Projects\WebApps\TMS\tms_v0.0.9\.venv\Lib\site-packages\django\db\backends\sqlite3\base.py", line 360, in execute
    return super().execute(query, params)
           ~~~~~~~~~~~~~~~^^^^^^^^^^^^^^^
django.db.utils.IntegrityError: NOT NULL constraint failed: tenants.settings
ERROR 2025-11-10 00:52:55,829 basehttp 26588 26836 "POST /admin/tenants/tenant/add/ HTTP/1.1" 500 222321
INFO 2025-11-10 00:53:08,052 autoreload 26588 34676 C:\DAJ\PROGRAMMING\Projects\WebApps\TMS\tms_v0.0.9\tenants\models.py changed, reloading.
INFO 2025-11-10 00:53:08,884 autoreload 33820 20808 Watching for file changes with StatReloader
INFO 2025-11-10 00:53:10,285 autoreload 33820 20808 C:\DAJ\PROGRAMMING\Projects\WebApps\TMS\tms_v0.0.9\tenants\models.py changed, reloading.
INFO 2025-11-10 00:53:10,963 autoreload 22960 14652 Watching for file changes with StatReloader
INFO 2025-11-10 00:53:15,207 autoreload 22960 14652 C:\DAJ\PROGRAMMING\Projects\WebApps\TMS\tms_v0.0.9\tenants\models.py changed, reloading.
INFO 2025-11-10 00:53:15,759 autoreload 39524 38416 Watching for file changes with StatReloader
INFO 2025-11-10 00:53:19,086 autoreload 39524 38416 C:\DAJ\PROGRAMMING\Projects\WebApps\TMS\tms_v0.0.9\tenants\models.py changed, reloading.
INFO 2025-11-10 00:53:19,660 autoreload 19448 27096 Watching for file changes with StatReloader
INFO 2025-11-10 00:53:21,061 autoreload 19448 27096 C:\DAJ\PROGRAMMING\Projects\WebApps\TMS\tms_v0.0.9\tenants\models.py changed, reloading.
INFO 2025-11-10 00:53:22,176 autoreload 37548 35432 Watching for file changes with StatReloader
INFO 2025-11-10 00:53:27,515 autoreload 37548 35432 C:\DAJ\PROGRAMMING\Projects\WebApps\TMS\tms_v0.0.9\tenants\admin.py changed, reloading.
INFO 2025-11-10 00:53:28,100 autoreload 13120 11064 Watching for file changes with StatReloader
INFO 2025-11-10 00:53:47,337 autoreload 21604 36712 Watching for file changes with StatReloader
INFO 2025-11-10 00:54:12,084 autoreload 21604 36712 C:\DAJ\PROGRAMMING\Projects\WebApps\TMS\tms_v0.0.9\tenants\admin.py changed, reloading.
INFO 2025-11-10 00:54:12,793 autoreload 39896 40012 Watching for file changes with StatReloader
INFO 2025-11-10 00:54:15,091 autoreload 39896 40012 C:\DAJ\PROGRAMMING\Projects\WebApps\TMS\tms_v0.0.9\tenants\admin.py changed, reloading.
INFO 2025-11-10 00:54:15,713 autoreload 24072 22884 Watching for file changes with StatReloader
INFO 2025-11-10 00:54:16,954 autoreload 24072 22884 C:\DAJ\PROGRAMMING\Projects\WebApps\TMS\tms_v0.0.9\tenants\admin.py changed, reloading.
INFO 2025-11-10 00:54:17,422 autoreload 38480 35996 Watching for file changes with StatReloader
INFO 2025-11-10 00:54:23,683 autoreload 38480 35996 C:\DAJ\PROGRAMMING\Projects\WebApps\TMS\tms_v0.0.9\tenants\admin.py changed, reloading.
INFO 2025-11-10 00:54:24,270 autoreload 33020 37708 Watching for file changes with StatReloader
INFO 2025-11-10 00:54:26,688 autoreload 33020 37708 C:\DAJ\PROGRAMMING\Projects\WebApps\TMS\tms_v0.0.9\tenants\admin.py changed, reloading.
INFO 2025-11-10 00:54:27,535 autoreload 26788 37148 Watching for file changes with StatReloader
ERROR 2025-11-10 00:54:32,935 log 26788 7908 Internal Server Error: /admin/tenants/tenant/add/
Traceback (most recent call last):
  File "C:\DAJ\PROGRAMMING\Projects\WebApps\TMS\tms_v0.0.9\.venv\Lib\site-packages\django\db\backends\utils.py", line 105, in _execute
    return self.cursor.execute(sql, params)
           ~~~~~~~~~~~~~~~~~~~^^^^^^^^^^^^^
  File "C:\DAJ\PROGRAMMING\Projects\WebApps\TMS\tms_v0.0.9\.venv\Lib\site-packages\django\db\backends\sqlite3\base.py", line 360, in execute
    return super().execute(query, params)
           ~~~~~~~~~~~~~~~^^^^^^^^^^^^^^^
sqlite3.IntegrityError: NOT NULL constraint failed: tenants.settings

The above exception was the direct cause of the following exception:

Traceback (most recent call last):
  File "C:\DAJ\PROGRAMMING\Projects\WebApps\TMS\tms_v0.0.9\.venv\Lib\site-packages\django\core\handlers\exception.py", line 55, in inner
    response = get_response(request)
  File "C:\DAJ\PROGRAMMING\Projects\WebApps\TMS\tms_v0.0.9\.venv\Lib\site-packages\django\core\handlers\base.py", line 197, in _get_response
    response = wrapped_callback(request, *callback_args, **callback_kwargs)
  File "C:\DAJ\PROGRAMMING\Projects\WebApps\TMS\tms_v0.0.9\.venv\Lib\site-packages\django\contrib\admin\options.py", line 719, in wrapper
    return self.admin_site.admin_view(view)(*args, **kwargs)
           ~~~~~~~~~~~~~~~~~~~~~~~~~~~~~~~~^^^^^^^^^^^^^^^^^
  File "C:\DAJ\PROGRAMMING\Projects\WebApps\TMS\tms_v0.0.9\.venv\Lib\site-packages\django\utils\decorators.py", line 192, in _view_wrapper
    result = _process_exception(request, e)
  File "C:\DAJ\PROGRAMMING\Projects\WebApps\TMS\tms_v0.0.9\.venv\Lib\site-packages\django\utils\decorators.py", line 190, in _view_wrapper
    response = view_func(request, *args, **kwargs)
  File "C:\DAJ\PROGRAMMING\Projects\WebApps\TMS\tms_v0.0.9\.venv\Lib\site-packages\django\views\decorators\cache.py", line 80, in _view_wrapper
    response = view_func(request, *args, **kwargs)
  File "C:\DAJ\PROGRAMMING\Projects\WebApps\TMS\tms_v0.0.9\.venv\Lib\site-packages\django\contrib\admin\sites.py", line 246, in inner
    return view(request, *args, **kwargs)
  File "C:\DAJ\PROGRAMMING\Projects\WebApps\TMS\tms_v0.0.9\.venv\Lib\site-packages\django\contrib\admin\options.py", line 1984, in add_view
    return self.changeform_view(request, None, form_url, extra_context)
           ~~~~~~~~~~~~~~~~~~~~^^^^^^^^^^^^^^^^^^^^^^^^^^^^^^^^^^^^^^^^
  File "C:\DAJ\PROGRAMMING\Projects\WebApps\TMS\tms_v0.0.9\.venv\Lib\site-packages\django\utils\decorators.py", line 48, in _wrapper
    return bound_method(*args, **kwargs)
  File "C:\DAJ\PROGRAMMING\Projects\WebApps\TMS\tms_v0.0.9\.venv\Lib\site-packages\django\utils\decorators.py", line 192, in _view_wrapper
    result = _process_exception(request, e)
  File "C:\DAJ\PROGRAMMING\Projects\WebApps\TMS\tms_v0.0.9\.venv\Lib\site-packages\django\utils\decorators.py", line 190, in _view_wrapper
    response = view_func(request, *args, **kwargs)
  File "C:\DAJ\PROGRAMMING\Projects\WebApps\TMS\tms_v0.0.9\.venv\Lib\site-packages\django\contrib\admin\options.py", line 1843, in changeform_view
    return self._changeform_view(request, object_id, form_url, extra_context)
           ~~~~~~~~~~~~~~~~~~~~~^^^^^^^^^^^^^^^^^^^^^^^^^^^^^^^^^^^^^^^^^^^^^
  File "C:\DAJ\PROGRAMMING\Projects\WebApps\TMS\tms_v0.0.9\.venv\Lib\site-packages\django\contrib\admin\options.py", line 1894, in _changeform_view
    self.save_model(request, new_object, form, not add)
    ~~~~~~~~~~~~~~~^^^^^^^^^^^^^^^^^^^^^^^^^^^^^^^^^^^^
  File "C:\DAJ\PROGRAMMING\Projects\WebApps\TMS\tms_v0.0.9\.venv\Lib\site-packages\django\contrib\admin\options.py", line 1314, in save_model
    obj.save()
    ~~~~~~~~^^
  File "C:\DAJ\PROGRAMMING\Projects\WebApps\TMS\tms_v0.0.9\.venv\Lib\site-packages\django\db\models\base.py", line 902, in save
    self.save_base(
    ~~~~~~~~~~~~~~^
        using=using,
        ^^^^^^^^^^^^
    ...<2 lines>...
        update_fields=update_fields,
        ^^^^^^^^^^^^^^^^^^^^^^^^^^^^
    )
    ^
  File "C:\DAJ\PROGRAMMING\Projects\WebApps\TMS\tms_v0.0.9\.venv\Lib\site-packages\django\db\models\base.py", line 1008, in save_base
    updated = self._save_table(
        raw,
    ...<4 lines>...
        update_fields,
    )
  File "C:\DAJ\PROGRAMMING\Projects\WebApps\TMS\tms_v0.0.9\.venv\Lib\site-packages\django\db\models\base.py", line 1169, in _save_table
    results = self._do_insert(
        cls._base_manager, using, fields, returning_fields, raw
    )
  File "C:\DAJ\PROGRAMMING\Projects\WebApps\TMS\tms_v0.0.9\.venv\Lib\site-packages\django\db\models\base.py", line 1210, in _do_insert
    return manager._insert(
           ~~~~~~~~~~~~~~~^
        [self],
        ^^^^^^^
    ...<3 lines>...
        raw=raw,
        ^^^^^^^^
    )
    ^
  File "C:\DAJ\PROGRAMMING\Projects\WebApps\TMS\tms_v0.0.9\.venv\Lib\site-packages\django\db\models\manager.py", line 87, in manager_method
    return getattr(self.get_queryset(), name)(*args, **kwargs)
           ~~~~~~~~~~~~~~~~~~~~~~~~~~~~~~~~~~^^^^^^^^^^^^^^^^^
  File "C:\DAJ\PROGRAMMING\Projects\WebApps\TMS\tms_v0.0.9\.venv\Lib\site-packages\django\db\models\query.py", line 1868, in _insert
    return query.get_compiler(using=using).execute_sql(returning_fields)
           ~~~~~~~~~~~~~~~~~~~~~~~~~~~~~~~~~~~~~~~~~~~^^^^^^^^^^^^^^^^^^
  File "C:\DAJ\PROGRAMMING\Projects\WebApps\TMS\tms_v0.0.9\.venv\Lib\site-packages\django\db\models\sql\compiler.py", line 1882, in execute_sql
    cursor.execute(sql, params)
    ~~~~~~~~~~~~~~^^^^^^^^^^^^^
  File "C:\DAJ\PROGRAMMING\Projects\WebApps\TMS\tms_v0.0.9\.venv\Lib\site-packages\django\db\backends\utils.py", line 122, in execute
    return super().execute(sql, params)
           ~~~~~~~~~~~~~~~^^^^^^^^^^^^^
  File "C:\DAJ\PROGRAMMING\Projects\WebApps\TMS\tms_v0.0.9\.venv\Lib\site-packages\django\db\backends\utils.py", line 79, in execute
    return self._execute_with_wrappers(
           ~~~~~~~~~~~~~~~~~~~~~~~~~~~^
        sql, params, many=False, executor=self._execute
        ^^^^^^^^^^^^^^^^^^^^^^^^^^^^^^^^^^^^^^^^^^^^^^^
    )
    ^
  File "C:\DAJ\PROGRAMMING\Projects\WebApps\TMS\tms_v0.0.9\.venv\Lib\site-packages\django\db\backends\utils.py", line 92, in _execute_with_wrappers
    return executor(sql, params, many, context)
  File "C:\DAJ\PROGRAMMING\Projects\WebApps\TMS\tms_v0.0.9\.venv\Lib\site-packages\django\db\backends\utils.py", line 100, in _execute
    with self.db.wrap_database_errors:
         ^^^^^^^^^^^^^^^^^^^^^^^^^^^^
  File "C:\DAJ\PROGRAMMING\Projects\WebApps\TMS\tms_v0.0.9\.venv\Lib\site-packages\django\db\utils.py", line 91, in __exit__
    raise dj_exc_value.with_traceback(traceback) from exc_value
  File "C:\DAJ\PROGRAMMING\Projects\WebApps\TMS\tms_v0.0.9\.venv\Lib\site-packages\django\db\backends\utils.py", line 105, in _execute
    return self.cursor.execute(sql, params)
           ~~~~~~~~~~~~~~~~~~~^^^^^^^^^^^^^
  File "C:\DAJ\PROGRAMMING\Projects\WebApps\TMS\tms_v0.0.9\.venv\Lib\site-packages\django\db\backends\sqlite3\base.py", line 360, in execute
    return super().execute(query, params)
           ~~~~~~~~~~~~~~~^^^^^^^^^^^^^^^
django.db.utils.IntegrityError: NOT NULL constraint failed: tenants.settings
ERROR 2025-11-10 00:54:32,944 basehttp 26788 7908 "POST /admin/tenants/tenant/add/ HTTP/1.1" 500 221609
INFO 2025-11-10 00:54:52,569 autoreload 26788 37148 C:\DAJ\PROGRAMMING\Projects\WebApps\TMS\tms_v0.0.9\tenants\admin.py changed, reloading.
INFO 2025-11-10 00:54:53,237 autoreload 37076 28276 Watching for file changes with StatReloader
INFO 2025-11-10 00:54:55,523 autoreload 37076 28276 C:\DAJ\PROGRAMMING\Projects\WebApps\TMS\tms_v0.0.9\tenants\admin.py changed, reloading.
INFO 2025-11-10 00:54:56,071 autoreload 35272 28172 Watching for file changes with StatReloader
INFO 2025-11-10 00:54:59,302 autoreload 35272 28172 C:\DAJ\PROGRAMMING\Projects\WebApps\TMS\tms_v0.0.9\tenants\admin.py changed, reloading.
INFO 2025-11-10 00:54:59,935 autoreload 20808 39152 Watching for file changes with StatReloader
INFO 2025-11-10 00:55:05,242 autoreload 20808 39152 C:\DAJ\PROGRAMMING\Projects\WebApps\TMS\tms_v0.0.9\tenants\admin.py changed, reloading.
INFO 2025-11-10 00:55:05,970 autoreload 36184 32620 Watching for file changes with StatReloader
INFO 2025-11-10 00:55:09,414 autoreload 36184 32620 C:\DAJ\PROGRAMMING\Projects\WebApps\TMS\tms_v0.0.9\tenants\admin.py changed, reloading.
INFO 2025-11-10 00:55:09,968 autoreload 37792 9164 Watching for file changes with StatReloader
INFO 2025-11-10 00:55:11,409 autoreload 37792 9164 C:\DAJ\PROGRAMMING\Projects\WebApps\TMS\tms_v0.0.9\tenants\admin.py changed, reloading.
INFO 2025-11-10 00:55:12,225 autoreload 40068 38060 Watching for file changes with StatReloader
INFO 2025-11-10 00:55:14,489 autoreload 40068 38060 C:\DAJ\PROGRAMMING\Projects\WebApps\TMS\tms_v0.0.9\tenants\admin.py changed, reloading.
INFO 2025-11-10 00:55:15,022 autoreload 33228 22376 Watching for file changes with StatReloader
INFO 2025-11-10 00:55:17,256 autoreload 33228 22376 C:\DAJ\PROGRAMMING\Projects\WebApps\TMS\tms_v0.0.9\tenants\admin.py changed, reloading.
INFO 2025-11-10 00:55:17,915 autoreload 34904 6264 Watching for file changes with StatReloader
INFO 2025-11-10 00:55:21,191 autoreload 34904 6264 C:\DAJ\PROGRAMMING\Projects\WebApps\TMS\tms_v0.0.9\tenants\admin.py changed, reloading.
INFO 2025-11-10 00:55:21,751 autoreload 29040 29648 Watching for file changes with StatReloader
INFO 2025-11-10 00:55:27,139 autoreload 29040 29648 C:\DAJ\PROGRAMMING\Projects\WebApps\TMS\tms_v0.0.9\tenants\models.py changed, reloading.
INFO 2025-11-10 00:55:27,704 autoreload 35276 18312 Watching for file changes with StatReloader
INFO 2025-11-10 00:55:32,035 autoreload 35276 18312 C:\DAJ\PROGRAMMING\Projects\WebApps\TMS\tms_v0.0.9\tenants\models.py changed, reloading.
INFO 2025-11-10 00:55:32,740 autoreload 37272 40344 Watching for file changes with StatReloader
INFO 2025-11-10 00:55:36,429 basehttp 37272 38956 "POST /admin/tenants/tenant/add/ HTTP/1.1" 200 21935
INFO 2025-11-10 00:55:36,465 basehttp 37272 38956 "GET /admin/jsi18n/ HTTP/1.1" 200 3342
INFO 2025-11-10 00:55:59,131 signals 37272 12792 Tenant 079df3ba-5465-4106-b9de-b77a78685eee: User daj@daj.com koined as owner
INFO 2025-11-10 00:55:59,315 basehttp 37272 12792 "POST /admin/tenants/tenant/add/ HTTP/1.1" 302 0
INFO 2025-11-10 00:55:59,396 basehttp 37272 12792 "GET /admin/tenants/tenant/ HTTP/1.1" 200 15321
INFO 2025-11-10 00:55:59,431 basehttp 37272 12792 "GET /admin/jsi18n/ HTTP/1.1" 200 3342
INFO 2025-11-10 00:56:08,818 basehttp 37272 2944 "GET /admin/tenants/tenantuser/ HTTP/1.1" 200 15565
INFO 2025-11-10 00:56:08,857 basehttp 37272 2944 "GET /admin/jsi18n/ HTTP/1.1" 200 3342
INFO 2025-11-10 00:56:15,104 basehttp 37272 2944 "GET /admin/tenants/tenantinvitation/ HTTP/1.1" 200 13152
INFO 2025-11-10 00:56:15,137 basehttp 37272 2944 "GET /admin/jsi18n/ HTTP/1.1" 200 3342
INFO 2025-11-10 00:56:16,604 basehttp 37272 2944 "GET /admin/tenants/tenantinvitation/add/ HTTP/1.1" 200 19330
INFO 2025-11-10 00:56:16,645 basehttp 37272 2944 "GET /admin/jsi18n/ HTTP/1.1" 200 3342
INFO 2025-11-10 00:56:31,503 basehttp 37272 39684 "POST /admin/tenants/tenantinvitation/add/ HTTP/1.1" 200 19593
INFO 2025-11-10 00:56:31,538 basehttp 37272 39684 "GET /admin/jsi18n/ HTTP/1.1" 200 3342
INFO 2025-11-10 00:56:41,306 basehttp 37272 34344 "POST /admin/tenants/tenantinvitation/add/ HTTP/1.1" 302 0
INFO 2025-11-10 00:56:41,349 basehttp 37272 34344 "GET /admin/tenants/tenantinvitation/ HTTP/1.1" 200 16061
INFO 2025-11-10 00:56:41,390 basehttp 37272 34344 "GET /admin/jsi18n/ HTTP/1.1" 200 3342
INFO 2025-11-10 00:56:50,139 basehttp 37272 38568 "GET /admin/accounts/customuser/ HTTP/1.1" 200 18191
INFO 2025-11-10 00:56:50,170 basehttp 37272 38568 "GET /admin/jsi18n/ HTTP/1.1" 200 3342
INFO 2025-11-10 00:56:50,395 basehttp 37272 38568 "GET /static/admin/img/icon-no.svg HTTP/1.1" 200 560
INFO 2025-11-10 00:56:50,433 basehttp 37272 38044 "GET /static/admin/img/sorting-icons.svg HTTP/1.1" 200 1097
INFO 2025-11-10 00:56:58,352 basehttp 37272 39100 "POST /admin/accounts/customuser/ HTTP/1.1" 200 10774
INFO 2025-11-10 00:56:58,380 basehttp 37272 39100 "GET /static/admin/js/cancel.js HTTP/1.1" 200 884
INFO 2025-11-10 00:56:59,663 basehttp 37272 39100 "POST /admin/accounts/customuser/ HTTP/1.1" 302 0
INFO 2025-11-10 00:56:59,710 basehttp 37272 39100 "GET /admin/accounts/customuser/ HTTP/1.1" 200 17572
INFO 2025-11-10 00:56:59,751 basehttp 37272 39100 "GET /admin/jsi18n/ HTTP/1.1" 200 3342
INFO 2025-11-10 00:57:01,283 basehttp 37272 39100 "GET /admin/tenants/tenant/ HTTP/1.1" 200 15089
INFO 2025-11-10 00:57:01,316 basehttp 37272 39100 "GET /admin/jsi18n/ HTTP/1.1" 200 3342
INFO 2025-11-10 00:57:04,300 basehttp 37272 39100 "POST /admin/tenants/tenant/ HTTP/1.1" 200 10057
INFO 2025-11-10 00:57:06,518 basehttp 37272 39100 "GET /admin/auth/group/ HTTP/1.1" 200 10902
INFO 2025-11-10 00:57:06,546 basehttp 37272 39100 "GET /admin/jsi18n/ HTTP/1.1" 200 3342
INFO 2025-11-10 00:57:07,526 basehttp 37272 28320 "GET /admin/audit/tenantauditlog/ HTTP/1.1" 200 14220
INFO 2025-11-10 00:57:10,659 basehttp 37272 28320 "GET /admin/audit/tenantauditlog/012b5680-3bf1-4b61-9cca-fb1291cf2113/change/ HTTP/1.1" 200 17207
INFO 2025-11-10 00:57:10,688 basehttp 37272 28320 "GET /admin/jsi18n/ HTTP/1.1" 200 3342
INFO 2025-11-10 00:57:18,725 basehttp 37272 40352 "GET /admin/audit/tenantauditlog/ HTTP/1.1" 200 14220
INFO 2025-11-10 00:57:23,477 basehttp 37272 40352 "GET /admin/audit/tenantauditlog/ HTTP/1.1" 200 14220
INFO 2025-11-10 00:57:24,744 basehttp 37272 40352 "GET /admin/accounts/customuser/ HTTP/1.1" 200 17431
INFO 2025-11-10 00:57:24,775 basehttp 37272 40352 "GET /admin/jsi18n/ HTTP/1.1" 200 3342
INFO 2025-11-10 00:57:26,538 basehttp 37272 40352 "GET /admin/tenants/tenantuser/ HTTP/1.1" 200 15565
INFO 2025-11-10 00:57:26,572 basehttp 37272 40352 "GET /admin/jsi18n/ HTTP/1.1" 200 3342
INFO 2025-11-10 00:57:27,181 basehttp 37272 40352 "GET /admin/tenants/tenant/ HTTP/1.1" 200 15089
INFO 2025-11-10 00:57:27,216 basehttp 37272 40352 "GET /admin/jsi18n/ HTTP/1.1" 200 3342
INFO 2025-11-10 00:57:28,516 basehttp 37272 40352 "GET /admin/tenants/tenantinvitation/ HTTP/1.1" 200 15750
INFO 2025-11-10 00:57:28,541 basehttp 37272 40352 "GET /admin/jsi18n/ HTTP/1.1" 200 3342
INFO 2025-11-10 00:57:29,457 basehttp 37272 40352 "GET /admin/tenants/tenant/ HTTP/1.1" 200 15089
INFO 2025-11-10 00:57:29,491 basehttp 37272 40352 "GET /admin/jsi18n/ HTTP/1.1" 200 3342
INFO 2025-11-10 00:57:31,008 basehttp 37272 40352 "GET /admin/tenants/tenantinvitation/ HTTP/1.1" 200 15750
INFO 2025-11-10 00:57:31,040 basehttp 37272 40352 "GET /admin/jsi18n/ HTTP/1.1" 200 3342
INFO 2025-11-10 00:57:33,251 basehttp 37272 40352 "GET /admin/tenants/tenant/ HTTP/1.1" 200 15089
INFO 2025-11-10 00:57:33,294 basehttp 37272 40352 "GET /admin/jsi18n/ HTTP/1.1" 200 3342
INFO 2025-11-10 00:57:36,696 basehttp 37272 40352 "POST /admin/tenants/tenant/ HTTP/1.1" 200 10057
INFO 2025-11-10 00:57:51,185 basehttp 37272 40352 "GET /admin/accounts/customuser/ HTTP/1.1" 200 17431
INFO 2025-11-10 00:57:51,221 basehttp 37272 40352 "GET /admin/jsi18n/ HTTP/1.1" 200 3342
INFO 2025-11-10 00:57:52,301 basehttp 37272 40352 "GET /admin/accounts/customuser/2db9a76b-97c0-48fd-a049-525815a000cd/change/ HTTP/1.1" 200 41938
INFO 2025-11-10 00:57:52,329 basehttp 37272 33428 "GET /static/admin/js/SelectBox.js HTTP/1.1" 200 4530
INFO 2025-11-10 00:57:52,333 basehttp 37272 40352 "GET /static/admin/js/inlines.js HTTP/1.1" 200 15628
INFO 2025-11-10 00:57:52,338 basehttp 37272 37720 "GET /admin/jsi18n/ HTTP/1.1" 200 3342
INFO 2025-11-10 00:57:52,340 basehttp 37272 33428 "GET /static/admin/js/SelectFilter2.js HTTP/1.1" 200 15845
INFO 2025-11-10 00:57:52,358 basehttp 37272 33428 "GET /static/admin/img/icon-deletelink.svg HTTP/1.1" 200 392
INFO 2025-11-10 00:57:52,409 basehttp 37272 33428 "GET /static/admin/img/selector-icons.svg HTTP/1.1" 200 3291
INFO 2025-11-10 00:58:28,132 basehttp 37272 33876 "POST /admin/accounts/customuser/2db9a76b-97c0-48fd-a049-525815a000cd/change/ HTTP/1.1" 302 0
INFO 2025-11-10 00:58:28,255 basehttp 37272 33876 "GET /admin/accounts/customuser/2db9a76b-97c0-48fd-a049-525815a000cd/change/ HTTP/1.1" 200 42643
INFO 2025-11-10 00:58:28,296 basehttp 37272 33876 "GET /admin/jsi18n/ HTTP/1.1" 200 3342
INFO 2025-11-10 00:58:48,718 basehttp 37272 16420 "POST /admin/accounts/customuser/2db9a76b-97c0-48fd-a049-525815a000cd/change/ HTTP/1.1" 302 0
INFO 2025-11-10 00:58:48,746 basehttp 37272 16420 "GET /admin/accounts/customuser/ HTTP/1.1" 200 17713
INFO 2025-11-10 00:58:48,795 basehttp 37272 16420 "GET /admin/jsi18n/ HTTP/1.1" 200 3342
INFO 2025-11-10 00:58:54,115 basehttp 37272 16420 "POST /admin/logout/ HTTP/1.1" 302 0
INFO 2025-11-10 00:58:54,148 basehttp 37272 16420 "GET / HTTP/1.1" 200 11477
INFO 2025-11-10 08:18:55,735 basehttp 37272 32372 "GET / HTTP/1.1" 200 11477
INFO 2025-11-10 08:19:02,538 basehttp 37272 32372 "GET /accounts/register/ HTTP/1.1" 200 12718
INFO 2025-11-10 08:19:06,464 basehttp 37272 25560 "GET /accounts/login/ HTTP/1.1" 200 9874
INFO 2025-11-10 08:19:08,284 basehttp 37272 25560 "POST /accounts/login/ HTTP/1.1" 302 0
ERROR 2025-11-10 08:19:08,372 log 37272 25560 Internal Server Error: /tenants/
Traceback (most recent call last):
  File "C:\DAJ\PROGRAMMING\Projects\WebApps\TMS\tms_v0.0.9\.venv\Lib\site-packages\django\core\handlers\exception.py", line 55, in inner
    response = get_response(request)
  File "C:\DAJ\PROGRAMMING\Projects\WebApps\TMS\tms_v0.0.9\.venv\Lib\site-packages\django\core\handlers\base.py", line 220, in _get_response
    response = response.render()
  File "C:\DAJ\PROGRAMMING\Projects\WebApps\TMS\tms_v0.0.9\.venv\Lib\site-packages\django\template\response.py", line 114, in render
    self.content = self.rendered_content
                   ^^^^^^^^^^^^^^^^^^^^^
  File "C:\DAJ\PROGRAMMING\Projects\WebApps\TMS\tms_v0.0.9\.venv\Lib\site-packages\django\template\response.py", line 90, in rendered_content
    template = self.resolve_template(self.template_name)
  File "C:\DAJ\PROGRAMMING\Projects\WebApps\TMS\tms_v0.0.9\.venv\Lib\site-packages\django\template\response.py", line 72, in resolve_template
    return select_template(template, using=self.using)
  File "C:\DAJ\PROGRAMMING\Projects\WebApps\TMS\tms_v0.0.9\.venv\Lib\site-packages\django\template\loader.py", line 47, in select_template
    raise TemplateDoesNotExist(", ".join(template_name_list), chain=chain)
django.template.exceptions.TemplateDoesNotExist: tenants/select.html, tenants/tenantuser_list.html
ERROR 2025-11-10 08:19:08,380 basehttp 37272 25560 "GET /tenants/ HTTP/1.1" 500 89225
INFO 2025-11-10 08:19:11,243 basehttp 37272 25560 "GET /accounts/login/ HTTP/1.1" 302 0
INFO 2025-11-11 18:14:03,542 autoreload 10136 2120 Watching for file changes with StatReloader
ERROR 2025-11-11 18:14:08,583 log 10136 42156 Internal Server Error: /
Traceback (most recent call last):
  File "C:\DAJ\PROGRAMMING\Projects\WebApps\TMS\tms_v0.0.9\.venv\Lib\site-packages\django\core\handlers\exception.py", line 55, in inner
    response = get_response(request)
  File "C:\DAJ\PROGRAMMING\Projects\WebApps\TMS\tms_v0.0.9\.venv\Lib\site-packages\django\core\handlers\base.py", line 197, in _get_response
    response = wrapped_callback(request, *callback_args, **callback_kwargs)
  File "C:\DAJ\PROGRAMMING\Projects\WebApps\TMS\tms_v0.0.9\tms\views.py", line 10, in home_view
    return render(request, 'home.html', context)
  File "C:\DAJ\PROGRAMMING\Projects\WebApps\TMS\tms_v0.0.9\.venv\Lib\site-packages\django\shortcuts.py", line 25, in render
    content = loader.render_to_string(template_name, context, request, using=using)
  File "C:\DAJ\PROGRAMMING\Projects\WebApps\TMS\tms_v0.0.9\.venv\Lib\site-packages\django\template\loader.py", line 62, in render_to_string
    return template.render(context, request)
           ~~~~~~~~~~~~~~~^^^^^^^^^^^^^^^^^^
  File "C:\DAJ\PROGRAMMING\Projects\WebApps\TMS\tms_v0.0.9\.venv\Lib\site-packages\django\template\backends\django.py", line 107, in render
    return self.template.render(context)
           ~~~~~~~~~~~~~~~~~~~~^^^^^^^^^
  File "C:\DAJ\PROGRAMMING\Projects\WebApps\TMS\tms_v0.0.9\.venv\Lib\site-packages\django\template\base.py", line 171, in render
    return self._render(context)
           ~~~~~~~~~~~~^^^^^^^^^
  File "C:\DAJ\PROGRAMMING\Projects\WebApps\TMS\tms_v0.0.9\.venv\Lib\site-packages\django\template\base.py", line 163, in _render
    return self.nodelist.render(context)
           ~~~~~~~~~~~~~~~~~~~~^^^^^^^^^
  File "C:\DAJ\PROGRAMMING\Projects\WebApps\TMS\tms_v0.0.9\.venv\Lib\site-packages\django\template\base.py", line 1016, in render
    return SafeString("".join([node.render_annotated(context) for node in self]))
                               ~~~~~~~~~~~~~~~~~~~~~^^^^^^^^^
  File "C:\DAJ\PROGRAMMING\Projects\WebApps\TMS\tms_v0.0.9\.venv\Lib\site-packages\django\template\base.py", line 977, in render_annotated
    return self.render(context)
           ~~~~~~~~~~~^^^^^^^^^
  File "C:\DAJ\PROGRAMMING\Projects\WebApps\TMS\tms_v0.0.9\.venv\Lib\site-packages\django\template\loader_tags.py", line 159, in render
    return compiled_parent._render(context)
           ~~~~~~~~~~~~~~~~~~~~~~~^^^^^^^^^
  File "C:\DAJ\PROGRAMMING\Projects\WebApps\TMS\tms_v0.0.9\.venv\Lib\site-packages\django\template\base.py", line 163, in _render
    return self.nodelist.render(context)
           ~~~~~~~~~~~~~~~~~~~~^^^^^^^^^
  File "C:\DAJ\PROGRAMMING\Projects\WebApps\TMS\tms_v0.0.9\.venv\Lib\site-packages\django\template\base.py", line 1016, in render
    return SafeString("".join([node.render_annotated(context) for node in self]))
                               ~~~~~~~~~~~~~~~~~~~~~^^^^^^^^^
  File "C:\DAJ\PROGRAMMING\Projects\WebApps\TMS\tms_v0.0.9\.venv\Lib\site-packages\django\template\base.py", line 977, in render_annotated
    return self.render(context)
           ~~~~~~~~~~~^^^^^^^^^
  File "C:\DAJ\PROGRAMMING\Projects\WebApps\TMS\tms_v0.0.9\.venv\Lib\site-packages\django\template\loader_tags.py", line 210, in render
    return template.render(context)
           ~~~~~~~~~~~~~~~^^^^^^^^^
  File "C:\DAJ\PROGRAMMING\Projects\WebApps\TMS\tms_v0.0.9\.venv\Lib\site-packages\django\template\base.py", line 173, in render
    return self._render(context)
           ~~~~~~~~~~~~^^^^^^^^^
  File "C:\DAJ\PROGRAMMING\Projects\WebApps\TMS\tms_v0.0.9\.venv\Lib\site-packages\django\template\base.py", line 163, in _render
    return self.nodelist.render(context)
           ~~~~~~~~~~~~~~~~~~~~^^^^^^^^^
  File "C:\DAJ\PROGRAMMING\Projects\WebApps\TMS\tms_v0.0.9\.venv\Lib\site-packages\django\template\base.py", line 1016, in render
    return SafeString("".join([node.render_annotated(context) for node in self]))
                               ~~~~~~~~~~~~~~~~~~~~~^^^^^^^^^
  File "C:\DAJ\PROGRAMMING\Projects\WebApps\TMS\tms_v0.0.9\.venv\Lib\site-packages\django\template\base.py", line 977, in render_annotated
    return self.render(context)
           ~~~~~~~~~~~^^^^^^^^^
  File "C:\DAJ\PROGRAMMING\Projects\WebApps\TMS\tms_v0.0.9\.venv\Lib\site-packages\django\template\defaulttags.py", line 327, in render
    return nodelist.render(context)
           ~~~~~~~~~~~~~~~^^^^^^^^^
  File "C:\DAJ\PROGRAMMING\Projects\WebApps\TMS\tms_v0.0.9\.venv\Lib\site-packages\django\template\base.py", line 1016, in render
    return SafeString("".join([node.render_annotated(context) for node in self]))
                               ~~~~~~~~~~~~~~~~~~~~~^^^^^^^^^
  File "C:\DAJ\PROGRAMMING\Projects\WebApps\TMS\tms_v0.0.9\.venv\Lib\site-packages\django\template\base.py", line 977, in render_annotated
    return self.render(context)
           ~~~~~~~~~~~^^^^^^^^^
  File "C:\DAJ\PROGRAMMING\Projects\WebApps\TMS\tms_v0.0.9\.venv\Lib\site-packages\django\template\defaulttags.py", line 480, in render
    url = reverse(view_name, args=args, kwargs=kwargs, current_app=current_app)
  File "C:\DAJ\PROGRAMMING\Projects\WebApps\TMS\tms_v0.0.9\.venv\Lib\site-packages\django\urls\base.py", line 98, in reverse
    resolved_url = resolver._reverse_with_prefix(view, prefix, *args, **kwargs)
  File "C:\DAJ\PROGRAMMING\Projects\WebApps\TMS\tms_v0.0.9\.venv\Lib\site-packages\django\urls\resolvers.py", line 831, in _reverse_with_prefix
    raise NoReverseMatch(msg)
django.urls.exceptions.NoReverseMatch: Reverse for 'dashboard' not found. 'dashboard' is not a valid view function or pattern name.
ERROR 2025-11-11 18:14:08,589 basehttp 10136 42156 "GET / HTTP/1.1" 500 177270
WARNING 2025-11-11 18:14:08,915 basehttp 10136 42156 "GET /favicon.ico HTTP/1.1" 404 3469
INFO 2025-11-11 18:52:15,286 basehttp 10136 44452 "GET /admin/accounts/customuser/ HTTP/1.1" 200 17580
INFO 2025-11-11 18:52:15,370 basehttp 10136 44452 "GET /admin/jsi18n/ HTTP/1.1" 200 3342
INFO 2025-11-11 18:52:18,868 basehttp 10136 30808 "POST /admin/logout/ HTTP/1.1" 302 0
INFO 2025-11-11 18:52:18,912 basehttp 10136 30808 "GET / HTTP/1.1" 200 11477
INFO 2025-11-11 18:52:18,984 basehttp 10136 30808 "GET /static/css/header.css HTTP/1.1" 304 0
INFO 2025-11-11 18:52:18,985 basehttp 10136 29624 "GET /static/images/logos/3d_logo_transparent.png HTTP/1.1" 304 0
INFO 2025-11-11 18:52:18,990 basehttp 10136 30808 "GET /static/css/navbar.css HTTP/1.1" 304 0
INFO 2025-11-11 18:52:22,390 basehttp 10136 30808 "GET /accounts/login/ HTTP/1.1" 200 9874
INFO 2025-11-11 18:52:24,230 basehttp 10136 30808 "POST /accounts/login/ HTTP/1.1" 302 0
ERROR 2025-11-11 18:52:24,474 log 10136 30808 Internal Server Error: /tenants/
Traceback (most recent call last):
  File "C:\DAJ\PROGRAMMING\Projects\WebApps\TMS\tms_v0.0.9\.venv\Lib\site-packages\django\core\handlers\exception.py", line 55, in inner
    response = get_response(request)
  File "C:\DAJ\PROGRAMMING\Projects\WebApps\TMS\tms_v0.0.9\.venv\Lib\site-packages\django\core\handlers\base.py", line 220, in _get_response
    response = response.render()
  File "C:\DAJ\PROGRAMMING\Projects\WebApps\TMS\tms_v0.0.9\.venv\Lib\site-packages\django\template\response.py", line 114, in render
    self.content = self.rendered_content
                   ^^^^^^^^^^^^^^^^^^^^^
  File "C:\DAJ\PROGRAMMING\Projects\WebApps\TMS\tms_v0.0.9\.venv\Lib\site-packages\django\template\response.py", line 92, in rendered_content
    return template.render(context, self._request)
           ~~~~~~~~~~~~~~~^^^^^^^^^^^^^^^^^^^^^^^^
  File "C:\DAJ\PROGRAMMING\Projects\WebApps\TMS\tms_v0.0.9\.venv\Lib\site-packages\django\template\backends\django.py", line 107, in render
    return self.template.render(context)
           ~~~~~~~~~~~~~~~~~~~~^^^^^^^^^
  File "C:\DAJ\PROGRAMMING\Projects\WebApps\TMS\tms_v0.0.9\.venv\Lib\site-packages\django\template\base.py", line 171, in render
    return self._render(context)
           ~~~~~~~~~~~~^^^^^^^^^
  File "C:\DAJ\PROGRAMMING\Projects\WebApps\TMS\tms_v0.0.9\.venv\Lib\site-packages\django\template\base.py", line 163, in _render
    return self.nodelist.render(context)
           ~~~~~~~~~~~~~~~~~~~~^^^^^^^^^
  File "C:\DAJ\PROGRAMMING\Projects\WebApps\TMS\tms_v0.0.9\.venv\Lib\site-packages\django\template\base.py", line 1016, in render
    return SafeString("".join([node.render_annotated(context) for node in self]))
                               ~~~~~~~~~~~~~~~~~~~~~^^^^^^^^^
  File "C:\DAJ\PROGRAMMING\Projects\WebApps\TMS\tms_v0.0.9\.venv\Lib\site-packages\django\template\base.py", line 977, in render_annotated
    return self.render(context)
           ~~~~~~~~~~~^^^^^^^^^
  File "C:\DAJ\PROGRAMMING\Projects\WebApps\TMS\tms_v0.0.9\.venv\Lib\site-packages\django\template\loader_tags.py", line 159, in render
    return compiled_parent._render(context)
           ~~~~~~~~~~~~~~~~~~~~~~~^^^^^^^^^
  File "C:\DAJ\PROGRAMMING\Projects\WebApps\TMS\tms_v0.0.9\.venv\Lib\site-packages\django\template\base.py", line 163, in _render
    return self.nodelist.render(context)
           ~~~~~~~~~~~~~~~~~~~~^^^^^^^^^
  File "C:\DAJ\PROGRAMMING\Projects\WebApps\TMS\tms_v0.0.9\.venv\Lib\site-packages\django\template\base.py", line 1016, in render
    return SafeString("".join([node.render_annotated(context) for node in self]))
                               ~~~~~~~~~~~~~~~~~~~~~^^^^^^^^^
  File "C:\DAJ\PROGRAMMING\Projects\WebApps\TMS\tms_v0.0.9\.venv\Lib\site-packages\django\template\base.py", line 977, in render_annotated
    return self.render(context)
           ~~~~~~~~~~~^^^^^^^^^
  File "C:\DAJ\PROGRAMMING\Projects\WebApps\TMS\tms_v0.0.9\.venv\Lib\site-packages\django\template\loader_tags.py", line 210, in render
    return template.render(context)
           ~~~~~~~~~~~~~~~^^^^^^^^^
  File "C:\DAJ\PROGRAMMING\Projects\WebApps\TMS\tms_v0.0.9\.venv\Lib\site-packages\django\template\base.py", line 173, in render
    return self._render(context)
           ~~~~~~~~~~~~^^^^^^^^^
  File "C:\DAJ\PROGRAMMING\Projects\WebApps\TMS\tms_v0.0.9\.venv\Lib\site-packages\django\template\base.py", line 163, in _render
    return self.nodelist.render(context)
           ~~~~~~~~~~~~~~~~~~~~^^^^^^^^^
  File "C:\DAJ\PROGRAMMING\Projects\WebApps\TMS\tms_v0.0.9\.venv\Lib\site-packages\django\template\base.py", line 1016, in render
    return SafeString("".join([node.render_annotated(context) for node in self]))
                               ~~~~~~~~~~~~~~~~~~~~~^^^^^^^^^
  File "C:\DAJ\PROGRAMMING\Projects\WebApps\TMS\tms_v0.0.9\.venv\Lib\site-packages\django\template\base.py", line 977, in render_annotated
    return self.render(context)
           ~~~~~~~~~~~^^^^^^^^^
  File "C:\DAJ\PROGRAMMING\Projects\WebApps\TMS\tms_v0.0.9\.venv\Lib\site-packages\django\template\defaulttags.py", line 327, in render
    return nodelist.render(context)
           ~~~~~~~~~~~~~~~^^^^^^^^^
  File "C:\DAJ\PROGRAMMING\Projects\WebApps\TMS\tms_v0.0.9\.venv\Lib\site-packages\django\template\base.py", line 1016, in render
    return SafeString("".join([node.render_annotated(context) for node in self]))
                               ~~~~~~~~~~~~~~~~~~~~~^^^^^^^^^
  File "C:\DAJ\PROGRAMMING\Projects\WebApps\TMS\tms_v0.0.9\.venv\Lib\site-packages\django\template\base.py", line 977, in render_annotated
    return self.render(context)
           ~~~~~~~~~~~^^^^^^^^^
  File "C:\DAJ\PROGRAMMING\Projects\WebApps\TMS\tms_v0.0.9\.venv\Lib\site-packages\django\template\defaulttags.py", line 480, in render
    url = reverse(view_name, args=args, kwargs=kwargs, current_app=current_app)
  File "C:\DAJ\PROGRAMMING\Projects\WebApps\TMS\tms_v0.0.9\.venv\Lib\site-packages\django\urls\base.py", line 98, in reverse
    resolved_url = resolver._reverse_with_prefix(view, prefix, *args, **kwargs)
  File "C:\DAJ\PROGRAMMING\Projects\WebApps\TMS\tms_v0.0.9\.venv\Lib\site-packages\django\urls\resolvers.py", line 831, in _reverse_with_prefix
    raise NoReverseMatch(msg)
django.urls.exceptions.NoReverseMatch: Reverse for 'dashboard' not found. 'dashboard' is not a valid view function or pattern name.
ERROR 2025-11-11 18:52:24,494 basehttp 10136 30808 "GET /tenants/ HTTP/1.1" 500 181169
INFO 2025-11-11 18:52:26,401 basehttp 10136 30808 "GET /accounts/login/ HTTP/1.1" 302 0
ERROR 2025-11-11 18:52:34,736 log 10136 15040 Internal Server Error: /
Traceback (most recent call last):
  File "C:\DAJ\PROGRAMMING\Projects\WebApps\TMS\tms_v0.0.9\.venv\Lib\site-packages\django\core\handlers\exception.py", line 55, in inner
    response = get_response(request)
  File "C:\DAJ\PROGRAMMING\Projects\WebApps\TMS\tms_v0.0.9\.venv\Lib\site-packages\django\core\handlers\base.py", line 197, in _get_response
    response = wrapped_callback(request, *callback_args, **callback_kwargs)
  File "C:\DAJ\PROGRAMMING\Projects\WebApps\TMS\tms_v0.0.9\tms\views.py", line 10, in home_view
    return render(request, 'home.html', context)
  File "C:\DAJ\PROGRAMMING\Projects\WebApps\TMS\tms_v0.0.9\.venv\Lib\site-packages\django\shortcuts.py", line 25, in render
    content = loader.render_to_string(template_name, context, request, using=using)
  File "C:\DAJ\PROGRAMMING\Projects\WebApps\TMS\tms_v0.0.9\.venv\Lib\site-packages\django\template\loader.py", line 62, in render_to_string
    return template.render(context, request)
           ~~~~~~~~~~~~~~~^^^^^^^^^^^^^^^^^^
  File "C:\DAJ\PROGRAMMING\Projects\WebApps\TMS\tms_v0.0.9\.venv\Lib\site-packages\django\template\backends\django.py", line 107, in render
    return self.template.render(context)
           ~~~~~~~~~~~~~~~~~~~~^^^^^^^^^
  File "C:\DAJ\PROGRAMMING\Projects\WebApps\TMS\tms_v0.0.9\.venv\Lib\site-packages\django\template\base.py", line 171, in render
    return self._render(context)
           ~~~~~~~~~~~~^^^^^^^^^
  File "C:\DAJ\PROGRAMMING\Projects\WebApps\TMS\tms_v0.0.9\.venv\Lib\site-packages\django\template\base.py", line 163, in _render
    return self.nodelist.render(context)
           ~~~~~~~~~~~~~~~~~~~~^^^^^^^^^
  File "C:\DAJ\PROGRAMMING\Projects\WebApps\TMS\tms_v0.0.9\.venv\Lib\site-packages\django\template\base.py", line 1016, in render
    return SafeString("".join([node.render_annotated(context) for node in self]))
                               ~~~~~~~~~~~~~~~~~~~~~^^^^^^^^^
  File "C:\DAJ\PROGRAMMING\Projects\WebApps\TMS\tms_v0.0.9\.venv\Lib\site-packages\django\template\base.py", line 977, in render_annotated
    return self.render(context)
           ~~~~~~~~~~~^^^^^^^^^
  File "C:\DAJ\PROGRAMMING\Projects\WebApps\TMS\tms_v0.0.9\.venv\Lib\site-packages\django\template\loader_tags.py", line 159, in render
    return compiled_parent._render(context)
           ~~~~~~~~~~~~~~~~~~~~~~~^^^^^^^^^
  File "C:\DAJ\PROGRAMMING\Projects\WebApps\TMS\tms_v0.0.9\.venv\Lib\site-packages\django\template\base.py", line 163, in _render
    return self.nodelist.render(context)
           ~~~~~~~~~~~~~~~~~~~~^^^^^^^^^
  File "C:\DAJ\PROGRAMMING\Projects\WebApps\TMS\tms_v0.0.9\.venv\Lib\site-packages\django\template\base.py", line 1016, in render
    return SafeString("".join([node.render_annotated(context) for node in self]))
                               ~~~~~~~~~~~~~~~~~~~~~^^^^^^^^^
  File "C:\DAJ\PROGRAMMING\Projects\WebApps\TMS\tms_v0.0.9\.venv\Lib\site-packages\django\template\base.py", line 977, in render_annotated
    return self.render(context)
           ~~~~~~~~~~~^^^^^^^^^
  File "C:\DAJ\PROGRAMMING\Projects\WebApps\TMS\tms_v0.0.9\.venv\Lib\site-packages\django\template\loader_tags.py", line 210, in render
    return template.render(context)
           ~~~~~~~~~~~~~~~^^^^^^^^^
  File "C:\DAJ\PROGRAMMING\Projects\WebApps\TMS\tms_v0.0.9\.venv\Lib\site-packages\django\template\base.py", line 173, in render
    return self._render(context)
           ~~~~~~~~~~~~^^^^^^^^^
  File "C:\DAJ\PROGRAMMING\Projects\WebApps\TMS\tms_v0.0.9\.venv\Lib\site-packages\django\template\base.py", line 163, in _render
    return self.nodelist.render(context)
           ~~~~~~~~~~~~~~~~~~~~^^^^^^^^^
  File "C:\DAJ\PROGRAMMING\Projects\WebApps\TMS\tms_v0.0.9\.venv\Lib\site-packages\django\template\base.py", line 1016, in render
    return SafeString("".join([node.render_annotated(context) for node in self]))
                               ~~~~~~~~~~~~~~~~~~~~~^^^^^^^^^
  File "C:\DAJ\PROGRAMMING\Projects\WebApps\TMS\tms_v0.0.9\.venv\Lib\site-packages\django\template\base.py", line 977, in render_annotated
    return self.render(context)
           ~~~~~~~~~~~^^^^^^^^^
  File "C:\DAJ\PROGRAMMING\Projects\WebApps\TMS\tms_v0.0.9\.venv\Lib\site-packages\django\template\defaulttags.py", line 327, in render
    return nodelist.render(context)
           ~~~~~~~~~~~~~~~^^^^^^^^^
  File "C:\DAJ\PROGRAMMING\Projects\WebApps\TMS\tms_v0.0.9\.venv\Lib\site-packages\django\template\base.py", line 1016, in render
    return SafeString("".join([node.render_annotated(context) for node in self]))
                               ~~~~~~~~~~~~~~~~~~~~~^^^^^^^^^
  File "C:\DAJ\PROGRAMMING\Projects\WebApps\TMS\tms_v0.0.9\.venv\Lib\site-packages\django\template\base.py", line 977, in render_annotated
    return self.render(context)
           ~~~~~~~~~~~^^^^^^^^^
  File "C:\DAJ\PROGRAMMING\Projects\WebApps\TMS\tms_v0.0.9\.venv\Lib\site-packages\django\template\defaulttags.py", line 480, in render
    url = reverse(view_name, args=args, kwargs=kwargs, current_app=current_app)
  File "C:\DAJ\PROGRAMMING\Projects\WebApps\TMS\tms_v0.0.9\.venv\Lib\site-packages\django\urls\base.py", line 98, in reverse
    resolved_url = resolver._reverse_with_prefix(view, prefix, *args, **kwargs)
  File "C:\DAJ\PROGRAMMING\Projects\WebApps\TMS\tms_v0.0.9\.venv\Lib\site-packages\django\urls\resolvers.py", line 831, in _reverse_with_prefix
    raise NoReverseMatch(msg)
django.urls.exceptions.NoReverseMatch: Reverse for 'dashboard' not found. 'dashboard' is not a valid view function or pattern name.
ERROR 2025-11-11 18:52:34,741 basehttp 10136 15040 "GET / HTTP/1.1" 500 177244
INFO 2025-11-12 09:12:18,915 autoreload 10136 2120 C:\DAJ\PROGRAMMING\Projects\WebApps\TMS\tms_v0.0.9\tms\views.py changed, reloading.
INFO 2025-11-12 09:12:20,909 autoreload 33448 15808 Watching for file changes with StatReloader
INFO 2025-11-12 09:12:32,489 autoreload 33448 15808 C:\DAJ\PROGRAMMING\Projects\WebApps\TMS\tms_v0.0.9\tms\views.py changed, reloading.
INFO 2025-11-12 09:12:33,996 autoreload 12068 22928 Watching for file changes with StatReloader
INFO 2025-11-12 09:12:43,427 autoreload 12068 22928 C:\DAJ\PROGRAMMING\Projects\WebApps\TMS\tms_v0.0.9\tms\views.py changed, reloading.
INFO 2025-11-12 09:12:44,728 autoreload 42496 5504 Watching for file changes with StatReloader
INFO 2025-11-12 09:12:46,146 autoreload 42496 5504 C:\DAJ\PROGRAMMING\Projects\WebApps\TMS\tms_v0.0.9\tms\views.py changed, reloading.
INFO 2025-11-12 09:12:47,043 autoreload 43508 28320 Watching for file changes with StatReloader
INFO 2025-11-12 09:12:50,363 autoreload 43508 28320 C:\DAJ\PROGRAMMING\Projects\WebApps\TMS\tms_v0.0.9\tms\views.py changed, reloading.
INFO 2025-11-12 09:12:51,042 autoreload 22936 20160 Watching for file changes with StatReloader
INFO 2025-11-12 09:12:56,393 autoreload 22936 20160 C:\DAJ\PROGRAMMING\Projects\WebApps\TMS\tms_v0.0.9\tms\views.py changed, reloading.
INFO 2025-11-12 09:12:57,138 autoreload 17124 44068 Watching for file changes with StatReloader
INFO 2025-11-12 09:12:58,425 autoreload 17124 44068 C:\DAJ\PROGRAMMING\Projects\WebApps\TMS\tms_v0.0.9\tms\views.py changed, reloading.
INFO 2025-11-12 09:12:59,016 autoreload 12596 32996 Watching for file changes with StatReloader
INFO 2025-11-12 09:13:00,123 autoreload 12596 32996 C:\DAJ\PROGRAMMING\Projects\WebApps\TMS\tms_v0.0.9\tms\views.py changed, reloading.
INFO 2025-11-12 09:13:00,756 autoreload 31376 13104 Watching for file changes with StatReloader
INFO 2025-11-12 09:13:05,996 autoreload 31376 13104 C:\DAJ\PROGRAMMING\Projects\WebApps\TMS\tms_v0.0.9\tms\views.py changed, reloading.
INFO 2025-11-12 09:13:07,192 autoreload 38700 32076 Watching for file changes with StatReloader
INFO 2025-11-12 09:13:12,438 autoreload 38700 32076 C:\DAJ\PROGRAMMING\Projects\WebApps\TMS\tms_v0.0.9\tms\views.py changed, reloading.
INFO 2025-11-12 09:13:12,983 autoreload 35388 39912 Watching for file changes with StatReloader
INFO 2025-11-12 09:13:19,479 autoreload 35388 39912 C:\DAJ\PROGRAMMING\Projects\WebApps\TMS\tms_v0.0.9\tms\views.py changed, reloading.
INFO 2025-11-12 09:13:20,600 autoreload 44644 23956 Watching for file changes with StatReloader
INFO 2025-11-12 09:13:26,327 autoreload 44644 23956 C:\DAJ\PROGRAMMING\Projects\WebApps\TMS\tms_v0.0.9\tms\views.py changed, reloading.
INFO 2025-11-12 09:13:27,019 autoreload 11360 28140 Watching for file changes with StatReloader
INFO 2025-11-12 09:13:28,247 autoreload 11360 28140 C:\DAJ\PROGRAMMING\Projects\WebApps\TMS\tms_v0.0.9\tms\views.py changed, reloading.
INFO 2025-11-12 09:13:28,696 autoreload 40728 45920 Watching for file changes with StatReloader
INFO 2025-11-12 09:13:30,954 autoreload 40728 45920 C:\DAJ\PROGRAMMING\Projects\WebApps\TMS\tms_v0.0.9\tms\views.py changed, reloading.
INFO 2025-11-12 09:13:31,626 autoreload 24296 40872 Watching for file changes with StatReloader
INFO 2025-11-12 09:13:34,958 autoreload 24296 40872 C:\DAJ\PROGRAMMING\Projects\WebApps\TMS\tms_v0.0.9\tms\views.py changed, reloading.
INFO 2025-11-12 09:13:35,639 autoreload 30708 27812 Watching for file changes with StatReloader
INFO 2025-11-12 09:13:36,851 autoreload 30708 27812 C:\DAJ\PROGRAMMING\Projects\WebApps\TMS\tms_v0.0.9\tms\views.py changed, reloading.
INFO 2025-11-12 09:13:37,389 autoreload 39732 30024 Watching for file changes with StatReloader
INFO 2025-11-12 09:13:38,637 autoreload 39732 30024 C:\DAJ\PROGRAMMING\Projects\WebApps\TMS\tms_v0.0.9\tms\views.py changed, reloading.
INFO 2025-11-12 09:13:39,283 autoreload 22540 22248 Watching for file changes with StatReloader
INFO 2025-11-12 09:13:44,697 autoreload 22540 22248 C:\DAJ\PROGRAMMING\Projects\WebApps\TMS\tms_v0.0.9\tms\views.py changed, reloading.
INFO 2025-11-12 09:13:46,038 autoreload 40920 10684 Watching for file changes with StatReloader
INFO 2025-11-12 09:13:49,401 autoreload 40920 10684 C:\DAJ\PROGRAMMING\Projects\WebApps\TMS\tms_v0.0.9\tms\views.py changed, reloading.
INFO 2025-11-12 09:13:49,945 autoreload 41760 42368 Watching for file changes with StatReloader
INFO 2025-11-12 09:13:54,534 autoreload 41760 42368 C:\DAJ\PROGRAMMING\Projects\WebApps\TMS\tms_v0.0.9\tms\views.py changed, reloading.
INFO 2025-11-12 09:13:55,088 autoreload 42328 39772 Watching for file changes with StatReloader
INFO 2025-11-12 09:13:58,445 autoreload 42328 39772 C:\DAJ\PROGRAMMING\Projects\WebApps\TMS\tms_v0.0.9\tms\views.py changed, reloading.
INFO 2025-11-12 09:13:58,934 autoreload 34668 4308 Watching for file changes with StatReloader
INFO 2025-11-12 09:14:00,054 autoreload 34668 4308 C:\DAJ\PROGRAMMING\Projects\WebApps\TMS\tms_v0.0.9\tms\views.py changed, reloading.
INFO 2025-11-12 09:14:00,595 autoreload 3636 28224 Watching for file changes with StatReloader
INFO 2025-11-12 09:14:01,850 autoreload 3636 28224 C:\DAJ\PROGRAMMING\Projects\WebApps\TMS\tms_v0.0.9\tms\views.py changed, reloading.
INFO 2025-11-12 09:14:02,317 autoreload 21984 36336 Watching for file changes with StatReloader
INFO 2025-11-12 09:14:05,711 autoreload 21984 36336 C:\DAJ\PROGRAMMING\Projects\WebApps\TMS\tms_v0.0.9\tms\views.py changed, reloading.
INFO 2025-11-12 09:14:06,303 autoreload 18720 9952 Watching for file changes with StatReloader
INFO 2025-11-12 09:14:08,667 autoreload 18720 9952 C:\DAJ\PROGRAMMING\Projects\WebApps\TMS\tms_v0.0.9\tms\views.py changed, reloading.
INFO 2025-11-12 09:14:09,511 autoreload 30508 24184 Watching for file changes with StatReloader
INFO 2025-11-12 09:14:12,915 autoreload 30508 24184 C:\DAJ\PROGRAMMING\Projects\WebApps\TMS\tms_v0.0.9\tms\views.py changed, reloading.
INFO 2025-11-12 09:14:13,686 autoreload 15740 43088 Watching for file changes with StatReloader
INFO 2025-11-12 09:14:15,123 autoreload 15740 43088 C:\DAJ\PROGRAMMING\Projects\WebApps\TMS\tms_v0.0.9\tms\views.py changed, reloading.
INFO 2025-11-12 09:14:16,294 autoreload 10876 17220 Watching for file changes with StatReloader
INFO 2025-11-12 09:14:26,635 autoreload 10876 17220 C:\DAJ\PROGRAMMING\Projects\WebApps\TMS\tms_v0.0.9\tms\views.py changed, reloading.
INFO 2025-11-12 09:14:27,232 autoreload 27980 19064 Watching for file changes with StatReloader
INFO 2025-11-12 09:14:32,492 autoreload 27980 19064 C:\DAJ\PROGRAMMING\Projects\WebApps\TMS\tms_v0.0.9\tms\views.py changed, reloading.
INFO 2025-11-12 09:14:33,099 autoreload 4844 33448 Watching for file changes with StatReloader
INFO 2025-11-12 09:14:36,267 autoreload 4844 33448 C:\DAJ\PROGRAMMING\Projects\WebApps\TMS\tms_v0.0.9\tms\views.py changed, reloading.
INFO 2025-11-12 09:14:36,897 autoreload 44324 27068 Watching for file changes with StatReloader
INFO 2025-11-12 09:14:42,095 autoreload 44324 27068 C:\DAJ\PROGRAMMING\Projects\WebApps\TMS\tms_v0.0.9\tms\views.py changed, reloading.
INFO 2025-11-12 09:14:42,853 autoreload 42152 30152 Watching for file changes with StatReloader
INFO 2025-11-12 09:14:44,043 autoreload 42152 30152 C:\DAJ\PROGRAMMING\Projects\WebApps\TMS\tms_v0.0.9\tms\views.py changed, reloading.
INFO 2025-11-12 09:14:44,849 autoreload 44104 32064 Watching for file changes with StatReloader
INFO 2025-11-12 09:14:46,287 autoreload 44104 32064 C:\DAJ\PROGRAMMING\Projects\WebApps\TMS\tms_v0.0.9\tms\views.py changed, reloading.
INFO 2025-11-12 09:14:47,212 autoreload 39356 42496 Watching for file changes with StatReloader
INFO 2025-11-12 09:14:49,522 autoreload 39356 42496 C:\DAJ\PROGRAMMING\Projects\WebApps\TMS\tms_v0.0.9\tms\views.py changed, reloading.
INFO 2025-11-12 09:14:50,085 autoreload 34676 44380 Watching for file changes with StatReloader
INFO 2025-11-12 09:14:53,417 autoreload 34676 44380 C:\DAJ\PROGRAMMING\Projects\WebApps\TMS\tms_v0.0.9\tms\views.py changed, reloading.
INFO 2025-11-12 09:14:53,976 autoreload 33580 31652 Watching for file changes with StatReloader
INFO 2025-11-12 09:14:55,608 autoreload 33580 31652 C:\DAJ\PROGRAMMING\Projects\WebApps\TMS\tms_v0.0.9\tms\views.py changed, reloading.
INFO 2025-11-12 09:14:56,193 autoreload 17836 43296 Watching for file changes with StatReloader
INFO 2025-11-12 09:15:04,547 autoreload 17836 43296 C:\DAJ\PROGRAMMING\Projects\WebApps\TMS\tms_v0.0.9\tms\views.py changed, reloading.
INFO 2025-11-12 09:15:05,149 autoreload 21252 43424 Watching for file changes with StatReloader
INFO 2025-11-12 09:15:08,444 autoreload 21252 43424 C:\DAJ\PROGRAMMING\Projects\WebApps\TMS\tms_v0.0.9\tms\views.py changed, reloading.
INFO 2025-11-12 09:15:09,032 autoreload 9672 32380 Watching for file changes with StatReloader
INFO 2025-11-12 09:15:12,302 autoreload 9672 32380 C:\DAJ\PROGRAMMING\Projects\WebApps\TMS\tms_v0.0.9\tms\views.py changed, reloading.
INFO 2025-11-12 09:15:12,843 autoreload 23408 31072 Watching for file changes with StatReloader
INFO 2025-11-12 09:15:17,262 autoreload 23408 31072 C:\DAJ\PROGRAMMING\Projects\WebApps\TMS\tms_v0.0.9\tms\views.py changed, reloading.
INFO 2025-11-12 09:15:18,011 autoreload 33824 32712 Watching for file changes with StatReloader
INFO 2025-11-12 09:15:27,786 autoreload 33824 32712 C:\DAJ\PROGRAMMING\Projects\WebApps\TMS\tms_v0.0.9\tms\views.py changed, reloading.
INFO 2025-11-12 09:15:28,481 autoreload 42392 27836 Watching for file changes with StatReloader
INFO 2025-11-12 09:15:31,855 autoreload 42392 27836 C:\DAJ\PROGRAMMING\Projects\WebApps\TMS\tms_v0.0.9\tms\views.py changed, reloading.
INFO 2025-11-12 09:15:32,484 autoreload 33836 17196 Watching for file changes with StatReloader
INFO 2025-11-12 09:15:35,775 autoreload 33836 17196 C:\DAJ\PROGRAMMING\Projects\WebApps\TMS\tms_v0.0.9\tms\views.py changed, reloading.
INFO 2025-11-12 09:15:36,841 autoreload 45992 43128 Watching for file changes with StatReloader
INFO 2025-11-12 09:15:38,235 autoreload 45992 43128 C:\DAJ\PROGRAMMING\Projects\WebApps\TMS\tms_v0.0.9\tms\views.py changed, reloading.
INFO 2025-11-12 09:15:38,802 autoreload 35708 10684 Watching for file changes with StatReloader
INFO 2025-11-12 09:15:39,958 autoreload 35708 10684 C:\DAJ\PROGRAMMING\Projects\WebApps\TMS\tms_v0.0.9\tms\views.py changed, reloading.
INFO 2025-11-12 09:15:41,130 autoreload 22740 7768 Watching for file changes with StatReloader
INFO 2025-11-12 09:15:46,495 autoreload 22740 7768 C:\DAJ\PROGRAMMING\Projects\WebApps\TMS\tms_v0.0.9\tms\views.py changed, reloading.
INFO 2025-11-12 09:15:47,091 autoreload 31928 39184 Watching for file changes with StatReloader
INFO 2025-11-12 09:15:51,248 autoreload 31928 39184 C:\DAJ\PROGRAMMING\Projects\WebApps\TMS\tms_v0.0.9\tms\views.py changed, reloading.
INFO 2025-11-12 09:15:51,841 autoreload 10784 11640 Watching for file changes with StatReloader
INFO 2025-11-12 09:15:56,390 autoreload 10784 11640 C:\DAJ\PROGRAMMING\Projects\WebApps\TMS\tms_v0.0.9\tms\views.py changed, reloading.
INFO 2025-11-12 09:15:56,975 autoreload 41728 22372 Watching for file changes with StatReloader
INFO 2025-11-12 09:15:58,653 autoreload 41728 22372 C:\DAJ\PROGRAMMING\Projects\WebApps\TMS\tms_v0.0.9\tms\views.py changed, reloading.
INFO 2025-11-12 09:15:59,558 autoreload 8172 28064 Watching for file changes with StatReloader
INFO 2025-11-12 09:16:07,004 autoreload 8172 28064 C:\DAJ\PROGRAMMING\Projects\WebApps\TMS\tms_v0.0.9\tms\views.py changed, reloading.
INFO 2025-11-12 09:16:07,563 autoreload 13996 13144 Watching for file changes with StatReloader
INFO 2025-11-12 09:16:11,036 autoreload 13996 13144 C:\DAJ\PROGRAMMING\Projects\WebApps\TMS\tms_v0.0.9\tms\views.py changed, reloading.
INFO 2025-11-12 09:16:11,922 autoreload 28452 42804 Watching for file changes with StatReloader
INFO 2025-11-12 09:16:16,302 autoreload 28452 42804 C:\DAJ\PROGRAMMING\Projects\WebApps\TMS\tms_v0.0.9\tms\views.py changed, reloading.
INFO 2025-11-12 09:16:17,067 autoreload 43164 32076 Watching for file changes with StatReloader
INFO 2025-11-12 09:16:19,314 autoreload 43164 32076 C:\DAJ\PROGRAMMING\Projects\WebApps\TMS\tms_v0.0.9\tms\views.py changed, reloading.
INFO 2025-11-12 09:16:19,925 autoreload 41176 43236 Watching for file changes with StatReloader
INFO 2025-11-12 09:16:23,198 autoreload 41176 43236 C:\DAJ\PROGRAMMING\Projects\WebApps\TMS\tms_v0.0.9\tms\views.py changed, reloading.
INFO 2025-11-12 09:16:23,738 autoreload 7540 42768 Watching for file changes with StatReloader
INFO 2025-11-12 09:16:44,517 autoreload 7540 42768 C:\DAJ\PROGRAMMING\Projects\WebApps\TMS\tms_v0.0.9\tms\urls.py changed, reloading.
INFO 2025-11-12 09:16:46,056 autoreload 10280 32968 Watching for file changes with StatReloader
INFO 2025-11-12 09:16:50,416 autoreload 10280 32968 C:\DAJ\PROGRAMMING\Projects\WebApps\TMS\tms_v0.0.9\tms\urls.py changed, reloading.
INFO 2025-11-12 09:16:51,690 autoreload 3732 4132 Watching for file changes with StatReloader
INFO 2025-11-12 09:16:53,635 autoreload 3732 4132 C:\DAJ\PROGRAMMING\Projects\WebApps\TMS\tms_v0.0.9\tms\urls.py changed, reloading.
INFO 2025-11-12 09:16:55,773 autoreload 29068 45916 Watching for file changes with StatReloader
INFO 2025-11-12 09:17:01,075 autoreload 29068 45916 C:\DAJ\PROGRAMMING\Projects\WebApps\TMS\tms_v0.0.9\tms\urls.py changed, reloading.
INFO 2025-11-12 09:17:02,811 autoreload 44552 41700 Watching for file changes with StatReloader
INFO 2025-11-12 09:17:04,005 autoreload 44552 41700 C:\DAJ\PROGRAMMING\Projects\WebApps\TMS\tms_v0.0.9\tms\urls.py changed, reloading.
INFO 2025-11-12 09:17:05,152 autoreload 9064 31652 Watching for file changes with StatReloader
INFO 2025-11-12 09:17:08,558 autoreload 9064 31652 C:\DAJ\PROGRAMMING\Projects\WebApps\TMS\tms_v0.0.9\tms\urls.py changed, reloading.
INFO 2025-11-12 09:17:09,684 autoreload 38900 30340 Watching for file changes with StatReloader
INFO 2025-11-12 09:17:12,951 autoreload 38900 30340 C:\DAJ\PROGRAMMING\Projects\WebApps\TMS\tms_v0.0.9\tms\urls.py changed, reloading.
INFO 2025-11-12 09:17:14,359 autoreload 32488 20096 Watching for file changes with StatReloader
INFO 2025-11-12 09:17:21,642 autoreload 32488 20096 C:\DAJ\PROGRAMMING\Projects\WebApps\TMS\tms_v0.0.9\tms\urls.py changed, reloading.
INFO 2025-11-12 09:17:22,684 autoreload 38952 988 Watching for file changes with StatReloader
INFO 2025-11-12 09:17:26,883 autoreload 38952 988 C:\DAJ\PROGRAMMING\Projects\WebApps\TMS\tms_v0.0.9\tms\urls.py changed, reloading.
INFO 2025-11-12 09:17:28,109 autoreload 13136 30724 Watching for file changes with StatReloader
INFO 2025-11-12 09:17:29,270 autoreload 13136 30724 C:\DAJ\PROGRAMMING\Projects\WebApps\TMS\tms_v0.0.9\tms\urls.py changed, reloading.
INFO 2025-11-12 09:17:30,351 autoreload 40400 32956 Watching for file changes with StatReloader
INFO 2025-11-12 09:17:34,526 autoreload 40400 32956 C:\DAJ\PROGRAMMING\Projects\WebApps\TMS\tms_v0.0.9\tms\urls.py changed, reloading.
INFO 2025-11-12 09:17:35,946 autoreload 10168 23528 Watching for file changes with StatReloader
INFO 2025-11-12 09:17:41,226 autoreload 10168 23528 C:\DAJ\PROGRAMMING\Projects\WebApps\TMS\tms_v0.0.9\tms\urls.py changed, reloading.
INFO 2025-11-12 09:17:43,355 autoreload 45376 26772 Watching for file changes with StatReloader
INFO 2025-11-12 11:59:51,806 autoreload 45376 26772 C:\DAJ\PROGRAMMING\Projects\WebApps\TMS\tms_v0.0.9\tms\urls.py changed, reloading.
INFO 2025-11-12 11:59:57,693 autoreload 41648 43504 Watching for file changes with StatReloader
INFO 2025-11-12 12:00:01,250 autoreload 41648 43504 C:\DAJ\PROGRAMMING\Projects\WebApps\TMS\tms_v0.0.9\tms\urls.py changed, reloading.
INFO 2025-11-12 12:00:02,346 autoreload 28388 29304 Watching for file changes with StatReloader
INFO 2025-11-12 12:21:34,126 autoreload 40632 7972 Watching for file changes with StatReloader
INFO 2025-11-12 12:21:45,811 basehttp 40632 31908 "GET /admin/accounts/customuser/ HTTP/1.1" 200 17580
INFO 2025-11-12 12:21:45,907 basehttp 40632 31908 "GET /admin/jsi18n/ HTTP/1.1" 200 3342
INFO 2025-11-12 12:21:48,283 basehttp 40632 31908 "POST /admin/logout/ HTTP/1.1" 302 0
INFO 2025-11-12 12:21:48,323 basehttp 40632 31908 "GET / HTTP/1.1" 200 11477
INFO 2025-11-12 12:21:48,373 basehttp 40632 31908 "GET /static/css/base.css HTTP/1.1" 304 0
INFO 2025-11-12 12:21:48,380 basehttp 40632 31908 "GET /static/js/navbar_menu_hover.js HTTP/1.1" 304 0
INFO 2025-11-12 12:21:48,397 basehttp 40632 31908 "GET /static/css/footer.css HTTP/1.1" 304 0
INFO 2025-11-12 12:21:51,087 basehttp 40632 31908 "GET /accounts/login/ HTTP/1.1" 200 9874
INFO 2025-11-12 12:21:53,322 basehttp 40632 31908 "POST /accounts/login/ HTTP/1.1" 302 0
INFO 2025-11-12 12:21:53,365 basehttp 40632 31908 "GET /tenants/ HTTP/1.1" 200 12317
INFO 2025-11-12 12:22:07,161 basehttp 40632 31908 "GET / HTTP/1.1" 200 12929
INFO 2025-11-12 12:22:15,534 basehttp 40632 31908 "GET /dashboard/ HTTP/1.1" 302 0
INFO 2025-11-12 12:22:15,558 basehttp 40632 31908 "GET /tenants/ HTTP/1.1" 200 12344
INFO 2025-11-12 12:22:23,216 basehttp 40632 31908 "POST /tenants/ HTTP/1.1" 302 0
INFO 2025-11-12 12:22:23,237 basehttp 40632 31908 "GET /dashboard/ HTTP/1.1" 302 0
INFO 2025-11-12 12:22:23,287 basehttp 40632 31908 "GET /tenants/ HTTP/1.1" 200 13648
INFO 2025-11-12 12:22:28,291 basehttp 40632 31908 "POST /tenants/ HTTP/1.1" 302 0
INFO 2025-11-12 12:22:28,302 basehttp 40632 31908 "GET /dashboard/ HTTP/1.1" 302 0
INFO 2025-11-12 12:22:28,329 basehttp 40632 31908 "GET /tenants/ HTTP/1.1" 200 13648
INFO 2025-11-12 12:22:31,451 basehttp 40632 31908 "GET /tenants/create/ HTTP/1.1" 200 14874
INFO 2025-11-12 12:22:35,498 basehttp 40632 31908 "GET /tenants/ HTTP/1.1" 200 13434
INFO 2025-11-12 12:22:42,104 basehttp 40632 31908 "POST /tenants/ HTTP/1.1" 302 0
INFO 2025-11-12 12:22:42,123 basehttp 40632 31908 "GET /dashboard/ HTTP/1.1" 302 0
INFO 2025-11-12 12:22:42,154 basehttp 40632 31908 "GET /tenants/ HTTP/1.1" 200 13648
INFO 2025-11-12 18:52:21,284 basehttp 40632 9196 "GET /tenants/ HTTP/1.1" 200 13434
INFO 2025-11-13 18:41:50,135 basehttp 40632 47660 "GET /tenants/create/ HTTP/1.1" 200 14874
INFO 2025-11-13 18:41:51,802 basehttp 40632 47660 "GET / HTTP/1.1" 200 14153
INFO 2025-11-14 09:27:26,981 basehttp 40632 21028 "GET /dashboard/ HTTP/1.1" 302 0
INFO 2025-11-14 09:27:27,125 basehttp 40632 21028 "GET /tenants/ HTTP/1.1" 200 13568
INFO 2025-11-14 09:27:37,219 basehttp 40632 21028 "POST /tenants/ HTTP/1.1" 302 0
INFO 2025-11-14 09:27:37,236 basehttp 40632 21028 "GET /dashboard/ HTTP/1.1" 302 0
INFO 2025-11-14 09:27:37,281 basehttp 40632 21028 "GET /tenants/ HTTP/1.1" 200 13648
INFO 2025-11-14 09:27:39,883 basehttp 40632 21028 "GET /tenants/create/ HTTP/1.1" 200 14874
ERROR 2025-11-14 09:28:24,342 log 40632 21028 Internal Server Error: /tenants/create/
Traceback (most recent call last):
  File "C:\DAJ\PROGRAMMING\Projects\WebApps\TMS\tms_v0.0.9\.venv\Lib\site-packages\django\db\backends\utils.py", line 105, in _execute
    return self.cursor.execute(sql, params)
           ~~~~~~~~~~~~~~~~~~~^^^^^^^^^^^^^
  File "C:\DAJ\PROGRAMMING\Projects\WebApps\TMS\tms_v0.0.9\.venv\Lib\site-packages\django\db\backends\sqlite3\base.py", line 360, in execute
    return super().execute(query, params)
           ~~~~~~~~~~~~~~~^^^^^^^^^^^^^^^
sqlite3.IntegrityError: NOT NULL constraint failed: tenants.settings

The above exception was the direct cause of the following exception:

Traceback (most recent call last):
  File "C:\DAJ\PROGRAMMING\Projects\WebApps\TMS\tms_v0.0.9\.venv\Lib\site-packages\django\core\handlers\exception.py", line 55, in inner
    response = get_response(request)
  File "C:\DAJ\PROGRAMMING\Projects\WebApps\TMS\tms_v0.0.9\.venv\Lib\site-packages\django\core\handlers\base.py", line 197, in _get_response
    response = wrapped_callback(request, *callback_args, **callback_kwargs)
  File "C:\DAJ\PROGRAMMING\Projects\WebApps\TMS\tms_v0.0.9\.venv\Lib\site-packages\django\views\generic\base.py", line 105, in view
    return self.dispatch(request, *args, **kwargs)
           ~~~~~~~~~~~~~^^^^^^^^^^^^^^^^^^^^^^^^^^
  File "C:\DAJ\PROGRAMMING\Projects\WebApps\TMS\tms_v0.0.9\.venv\Lib\site-packages\django\contrib\auth\mixins.py", line 73, in dispatch
    return super().dispatch(request, *args, **kwargs)
           ~~~~~~~~~~~~~~~~^^^^^^^^^^^^^^^^^^^^^^^^^^
  File "C:\DAJ\PROGRAMMING\Projects\WebApps\TMS\tms_v0.0.9\.venv\Lib\site-packages\django\views\generic\base.py", line 144, in dispatch
    return handler(request, *args, **kwargs)
  File "C:\DAJ\PROGRAMMING\Projects\WebApps\TMS\tms_v0.0.9\.venv\Lib\site-packages\django\views\generic\edit.py", line 182, in post
    return super().post(request, *args, **kwargs)
           ~~~~~~~~~~~~^^^^^^^^^^^^^^^^^^^^^^^^^^
  File "C:\DAJ\PROGRAMMING\Projects\WebApps\TMS\tms_v0.0.9\.venv\Lib\site-packages\django\views\generic\edit.py", line 151, in post
    return self.form_valid(form)
           ~~~~~~~~~~~~~~~^^^^^^
  File "C:\Users\riode\AppData\Local\Programs\Python\Python313\Lib\contextlib.py", line 85, in inner
    return func(*args, **kwds)
  File "C:\DAJ\PROGRAMMING\Projects\WebApps\TMS\tms_v0.0.9\tenants\views.py", line 69, in form_valid
    response = super().form_valid(form)
  File "C:\DAJ\PROGRAMMING\Projects\WebApps\TMS\tms_v0.0.9\.venv\Lib\site-packages\django\views\generic\edit.py", line 133, in form_valid
    self.object = form.save()
                  ~~~~~~~~~^^
  File "C:\DAJ\PROGRAMMING\Projects\WebApps\TMS\tms_v0.0.9\.venv\Lib\site-packages\django\forms\models.py", line 554, in save
    self.instance.save()
    ~~~~~~~~~~~~~~~~~~^^
  File "C:\DAJ\PROGRAMMING\Projects\WebApps\TMS\tms_v0.0.9\.venv\Lib\site-packages\django\db\models\base.py", line 902, in save
    self.save_base(
    ~~~~~~~~~~~~~~^
        using=using,
        ^^^^^^^^^^^^
    ...<2 lines>...
        update_fields=update_fields,
        ^^^^^^^^^^^^^^^^^^^^^^^^^^^^
    )
    ^
  File "C:\DAJ\PROGRAMMING\Projects\WebApps\TMS\tms_v0.0.9\.venv\Lib\site-packages\django\db\models\base.py", line 1008, in save_base
    updated = self._save_table(
        raw,
    ...<4 lines>...
        update_fields,
    )
  File "C:\DAJ\PROGRAMMING\Projects\WebApps\TMS\tms_v0.0.9\.venv\Lib\site-packages\django\db\models\base.py", line 1169, in _save_table
    results = self._do_insert(
        cls._base_manager, using, fields, returning_fields, raw
    )
  File "C:\DAJ\PROGRAMMING\Projects\WebApps\TMS\tms_v0.0.9\.venv\Lib\site-packages\django\db\models\base.py", line 1210, in _do_insert
    return manager._insert(
           ~~~~~~~~~~~~~~~^
        [self],
        ^^^^^^^
    ...<3 lines>...
        raw=raw,
        ^^^^^^^^
    )
    ^
  File "C:\DAJ\PROGRAMMING\Projects\WebApps\TMS\tms_v0.0.9\.venv\Lib\site-packages\django\db\models\manager.py", line 87, in manager_method
    return getattr(self.get_queryset(), name)(*args, **kwargs)
           ~~~~~~~~~~~~~~~~~~~~~~~~~~~~~~~~~~^^^^^^^^^^^^^^^^^
  File "C:\DAJ\PROGRAMMING\Projects\WebApps\TMS\tms_v0.0.9\.venv\Lib\site-packages\django\db\models\query.py", line 1868, in _insert
    return query.get_compiler(using=using).execute_sql(returning_fields)
           ~~~~~~~~~~~~~~~~~~~~~~~~~~~~~~~~~~~~~~~~~~~^^^^^^^^^^^^^^^^^^
  File "C:\DAJ\PROGRAMMING\Projects\WebApps\TMS\tms_v0.0.9\.venv\Lib\site-packages\django\db\models\sql\compiler.py", line 1882, in execute_sql
    cursor.execute(sql, params)
    ~~~~~~~~~~~~~~^^^^^^^^^^^^^
  File "C:\DAJ\PROGRAMMING\Projects\WebApps\TMS\tms_v0.0.9\.venv\Lib\site-packages\django\db\backends\utils.py", line 122, in execute
    return super().execute(sql, params)
           ~~~~~~~~~~~~~~~^^^^^^^^^^^^^
  File "C:\DAJ\PROGRAMMING\Projects\WebApps\TMS\tms_v0.0.9\.venv\Lib\site-packages\django\db\backends\utils.py", line 79, in execute
    return self._execute_with_wrappers(
           ~~~~~~~~~~~~~~~~~~~~~~~~~~~^
        sql, params, many=False, executor=self._execute
        ^^^^^^^^^^^^^^^^^^^^^^^^^^^^^^^^^^^^^^^^^^^^^^^
    )
    ^
  File "C:\DAJ\PROGRAMMING\Projects\WebApps\TMS\tms_v0.0.9\.venv\Lib\site-packages\django\db\backends\utils.py", line 92, in _execute_with_wrappers
    return executor(sql, params, many, context)
  File "C:\DAJ\PROGRAMMING\Projects\WebApps\TMS\tms_v0.0.9\.venv\Lib\site-packages\django\db\backends\utils.py", line 100, in _execute
    with self.db.wrap_database_errors:
         ^^^^^^^^^^^^^^^^^^^^^^^^^^^^
  File "C:\DAJ\PROGRAMMING\Projects\WebApps\TMS\tms_v0.0.9\.venv\Lib\site-packages\django\db\utils.py", line 91, in __exit__
    raise dj_exc_value.with_traceback(traceback) from exc_value
  File "C:\DAJ\PROGRAMMING\Projects\WebApps\TMS\tms_v0.0.9\.venv\Lib\site-packages\django\db\backends\utils.py", line 105, in _execute
    return self.cursor.execute(sql, params)
           ~~~~~~~~~~~~~~~~~~~^^^^^^^^^^^^^
  File "C:\DAJ\PROGRAMMING\Projects\WebApps\TMS\tms_v0.0.9\.venv\Lib\site-packages\django\db\backends\sqlite3\base.py", line 360, in execute
    return super().execute(query, params)
           ~~~~~~~~~~~~~~~^^^^^^^^^^^^^^^
django.db.utils.IntegrityError: NOT NULL constraint failed: tenants.settings
ERROR 2025-11-14 09:28:24,400 basehttp 40632 21028 "POST /tenants/create/ HTTP/1.1" 500 198640
WARNING 2025-11-14 09:28:24,551 basehttp 40632 21028 "GET /favicon.ico HTTP/1.1" 404 3640
ERROR 2025-11-14 09:28:31,139 log 40632 21028 Internal Server Error: /tenants/create/
Traceback (most recent call last):
  File "C:\DAJ\PROGRAMMING\Projects\WebApps\TMS\tms_v0.0.9\.venv\Lib\site-packages\django\db\backends\utils.py", line 105, in _execute
    return self.cursor.execute(sql, params)
           ~~~~~~~~~~~~~~~~~~~^^^^^^^^^^^^^
  File "C:\DAJ\PROGRAMMING\Projects\WebApps\TMS\tms_v0.0.9\.venv\Lib\site-packages\django\db\backends\sqlite3\base.py", line 360, in execute
    return super().execute(query, params)
           ~~~~~~~~~~~~~~~^^^^^^^^^^^^^^^
sqlite3.IntegrityError: NOT NULL constraint failed: tenants.settings

The above exception was the direct cause of the following exception:

Traceback (most recent call last):
  File "C:\DAJ\PROGRAMMING\Projects\WebApps\TMS\tms_v0.0.9\.venv\Lib\site-packages\django\core\handlers\exception.py", line 55, in inner
    response = get_response(request)
  File "C:\DAJ\PROGRAMMING\Projects\WebApps\TMS\tms_v0.0.9\.venv\Lib\site-packages\django\core\handlers\base.py", line 197, in _get_response
    response = wrapped_callback(request, *callback_args, **callback_kwargs)
  File "C:\DAJ\PROGRAMMING\Projects\WebApps\TMS\tms_v0.0.9\.venv\Lib\site-packages\django\views\generic\base.py", line 105, in view
    return self.dispatch(request, *args, **kwargs)
           ~~~~~~~~~~~~~^^^^^^^^^^^^^^^^^^^^^^^^^^
  File "C:\DAJ\PROGRAMMING\Projects\WebApps\TMS\tms_v0.0.9\.venv\Lib\site-packages\django\contrib\auth\mixins.py", line 73, in dispatch
    return super().dispatch(request, *args, **kwargs)
           ~~~~~~~~~~~~~~~~^^^^^^^^^^^^^^^^^^^^^^^^^^
  File "C:\DAJ\PROGRAMMING\Projects\WebApps\TMS\tms_v0.0.9\.venv\Lib\site-packages\django\views\generic\base.py", line 144, in dispatch
    return handler(request, *args, **kwargs)
  File "C:\DAJ\PROGRAMMING\Projects\WebApps\TMS\tms_v0.0.9\.venv\Lib\site-packages\django\views\generic\edit.py", line 182, in post
    return super().post(request, *args, **kwargs)
           ~~~~~~~~~~~~^^^^^^^^^^^^^^^^^^^^^^^^^^
  File "C:\DAJ\PROGRAMMING\Projects\WebApps\TMS\tms_v0.0.9\.venv\Lib\site-packages\django\views\generic\edit.py", line 151, in post
    return self.form_valid(form)
           ~~~~~~~~~~~~~~~^^^^^^
  File "C:\Users\riode\AppData\Local\Programs\Python\Python313\Lib\contextlib.py", line 85, in inner
    return func(*args, **kwds)
  File "C:\DAJ\PROGRAMMING\Projects\WebApps\TMS\tms_v0.0.9\tenants\views.py", line 69, in form_valid
    response = super().form_valid(form)
  File "C:\DAJ\PROGRAMMING\Projects\WebApps\TMS\tms_v0.0.9\.venv\Lib\site-packages\django\views\generic\edit.py", line 133, in form_valid
    self.object = form.save()
                  ~~~~~~~~~^^
  File "C:\DAJ\PROGRAMMING\Projects\WebApps\TMS\tms_v0.0.9\.venv\Lib\site-packages\django\forms\models.py", line 554, in save
    self.instance.save()
    ~~~~~~~~~~~~~~~~~~^^
  File "C:\DAJ\PROGRAMMING\Projects\WebApps\TMS\tms_v0.0.9\.venv\Lib\site-packages\django\db\models\base.py", line 902, in save
    self.save_base(
    ~~~~~~~~~~~~~~^
        using=using,
        ^^^^^^^^^^^^
    ...<2 lines>...
        update_fields=update_fields,
        ^^^^^^^^^^^^^^^^^^^^^^^^^^^^
    )
    ^
  File "C:\DAJ\PROGRAMMING\Projects\WebApps\TMS\tms_v0.0.9\.venv\Lib\site-packages\django\db\models\base.py", line 1008, in save_base
    updated = self._save_table(
        raw,
    ...<4 lines>...
        update_fields,
    )
  File "C:\DAJ\PROGRAMMING\Projects\WebApps\TMS\tms_v0.0.9\.venv\Lib\site-packages\django\db\models\base.py", line 1169, in _save_table
    results = self._do_insert(
        cls._base_manager, using, fields, returning_fields, raw
    )
  File "C:\DAJ\PROGRAMMING\Projects\WebApps\TMS\tms_v0.0.9\.venv\Lib\site-packages\django\db\models\base.py", line 1210, in _do_insert
    return manager._insert(
           ~~~~~~~~~~~~~~~^
        [self],
        ^^^^^^^
    ...<3 lines>...
        raw=raw,
        ^^^^^^^^
    )
    ^
  File "C:\DAJ\PROGRAMMING\Projects\WebApps\TMS\tms_v0.0.9\.venv\Lib\site-packages\django\db\models\manager.py", line 87, in manager_method
    return getattr(self.get_queryset(), name)(*args, **kwargs)
           ~~~~~~~~~~~~~~~~~~~~~~~~~~~~~~~~~~^^^^^^^^^^^^^^^^^
  File "C:\DAJ\PROGRAMMING\Projects\WebApps\TMS\tms_v0.0.9\.venv\Lib\site-packages\django\db\models\query.py", line 1868, in _insert
    return query.get_compiler(using=using).execute_sql(returning_fields)
           ~~~~~~~~~~~~~~~~~~~~~~~~~~~~~~~~~~~~~~~~~~~^^^^^^^^^^^^^^^^^^
  File "C:\DAJ\PROGRAMMING\Projects\WebApps\TMS\tms_v0.0.9\.venv\Lib\site-packages\django\db\models\sql\compiler.py", line 1882, in execute_sql
    cursor.execute(sql, params)
    ~~~~~~~~~~~~~~^^^^^^^^^^^^^
  File "C:\DAJ\PROGRAMMING\Projects\WebApps\TMS\tms_v0.0.9\.venv\Lib\site-packages\django\db\backends\utils.py", line 122, in execute
    return super().execute(sql, params)
           ~~~~~~~~~~~~~~~^^^^^^^^^^^^^
  File "C:\DAJ\PROGRAMMING\Projects\WebApps\TMS\tms_v0.0.9\.venv\Lib\site-packages\django\db\backends\utils.py", line 79, in execute
    return self._execute_with_wrappers(
           ~~~~~~~~~~~~~~~~~~~~~~~~~~~^
        sql, params, many=False, executor=self._execute
        ^^^^^^^^^^^^^^^^^^^^^^^^^^^^^^^^^^^^^^^^^^^^^^^
    )
    ^
  File "C:\DAJ\PROGRAMMING\Projects\WebApps\TMS\tms_v0.0.9\.venv\Lib\site-packages\django\db\backends\utils.py", line 92, in _execute_with_wrappers
    return executor(sql, params, many, context)
  File "C:\DAJ\PROGRAMMING\Projects\WebApps\TMS\tms_v0.0.9\.venv\Lib\site-packages\django\db\backends\utils.py", line 100, in _execute
    with self.db.wrap_database_errors:
         ^^^^^^^^^^^^^^^^^^^^^^^^^^^^
  File "C:\DAJ\PROGRAMMING\Projects\WebApps\TMS\tms_v0.0.9\.venv\Lib\site-packages\django\db\utils.py", line 91, in __exit__
    raise dj_exc_value.with_traceback(traceback) from exc_value
  File "C:\DAJ\PROGRAMMING\Projects\WebApps\TMS\tms_v0.0.9\.venv\Lib\site-packages\django\db\backends\utils.py", line 105, in _execute
    return self.cursor.execute(sql, params)
           ~~~~~~~~~~~~~~~~~~~^^^^^^^^^^^^^
  File "C:\DAJ\PROGRAMMING\Projects\WebApps\TMS\tms_v0.0.9\.venv\Lib\site-packages\django\db\backends\sqlite3\base.py", line 360, in execute
    return super().execute(query, params)
           ~~~~~~~~~~~~~~~^^^^^^^^^^^^^^^
django.db.utils.IntegrityError: NOT NULL constraint failed: tenants.settings
ERROR 2025-11-14 09:28:31,151 basehttp 40632 21028 "POST /tenants/create/ HTTP/1.1" 500 198640
INFO 2025-11-14 09:32:57,381 autoreload 40632 7972 C:\DAJ\PROGRAMMING\Projects\WebApps\TMS\tms_v0.0.9\tenants\models.py changed, reloading.
INFO 2025-11-14 09:33:03,830 autoreload 2988 48412 Watching for file changes with StatReloader
INFO 2025-11-14 09:33:16,998 autoreload 2988 48412 C:\DAJ\PROGRAMMING\Projects\WebApps\TMS\tms_v0.0.9\tenants\models.py changed, reloading.
INFO 2025-11-14 09:33:17,705 autoreload 48456 47004 Watching for file changes with StatReloader
INFO 2025-11-14 09:33:21,052 autoreload 48456 47004 C:\DAJ\PROGRAMMING\Projects\WebApps\TMS\tms_v0.0.9\tenants\models.py changed, reloading.
INFO 2025-11-14 09:33:21,756 autoreload 20468 47652 Watching for file changes with StatReloader
INFO 2025-11-14 09:33:51,166 autoreload 36308 36244 Watching for file changes with StatReloader
INFO 2025-11-14 09:33:59,227 signals 36308 37244 Tenant 636d10c6-ffee-46ed-bf34-675c44703cd4: User daj@daj.com koined as owner
ERROR 2025-11-14 09:33:59,498 log 36308 37244 Internal Server Error: /tenants/create/
Traceback (most recent call last):
  File "C:\DAJ\PROGRAMMING\Projects\WebApps\TMS\tms_v0.0.9\.venv\Lib\site-packages\django\core\handlers\exception.py", line 55, in inner
    response = get_response(request)
  File "C:\DAJ\PROGRAMMING\Projects\WebApps\TMS\tms_v0.0.9\.venv\Lib\site-packages\django\core\handlers\base.py", line 197, in _get_response
    response = wrapped_callback(request, *callback_args, **callback_kwargs)
  File "C:\DAJ\PROGRAMMING\Projects\WebApps\TMS\tms_v0.0.9\.venv\Lib\site-packages\django\views\generic\base.py", line 105, in view
    return self.dispatch(request, *args, **kwargs)
           ~~~~~~~~~~~~~^^^^^^^^^^^^^^^^^^^^^^^^^^
  File "C:\DAJ\PROGRAMMING\Projects\WebApps\TMS\tms_v0.0.9\.venv\Lib\site-packages\django\contrib\auth\mixins.py", line 73, in dispatch
    return super().dispatch(request, *args, **kwargs)
           ~~~~~~~~~~~~~~~~^^^^^^^^^^^^^^^^^^^^^^^^^^
  File "C:\DAJ\PROGRAMMING\Projects\WebApps\TMS\tms_v0.0.9\.venv\Lib\site-packages\django\views\generic\base.py", line 144, in dispatch
    return handler(request, *args, **kwargs)
  File "C:\DAJ\PROGRAMMING\Projects\WebApps\TMS\tms_v0.0.9\.venv\Lib\site-packages\django\views\generic\edit.py", line 182, in post
    return super().post(request, *args, **kwargs)
           ~~~~~~~~~~~~^^^^^^^^^^^^^^^^^^^^^^^^^^
  File "C:\DAJ\PROGRAMMING\Projects\WebApps\TMS\tms_v0.0.9\.venv\Lib\site-packages\django\views\generic\edit.py", line 151, in post
    return self.form_valid(form)
           ~~~~~~~~~~~~~~~^^^^^^
  File "C:\Users\riode\AppData\Local\Programs\Python\Python313\Lib\contextlib.py", line 85, in inner
    return func(*args, **kwds)
  File "C:\DAJ\PROGRAMMING\Projects\WebApps\TMS\tms_v0.0.9\tenants\views.py", line 74, in form_valid
    user=self.requiest.user,
         ^^^^^^^^^^^^^
AttributeError: 'TenantCreateView' object has no attribute 'requiest'. Did you mean: 'request'?
ERROR 2025-11-14 09:33:59,500 basehttp 36308 37244 "POST /tenants/create/ HTTP/1.1" 500 102055
INFO 2025-11-14 09:34:21,418 autoreload 36308 36244 C:\DAJ\PROGRAMMING\Projects\WebApps\TMS\tms_v0.0.9\tenants\views.py changed, reloading.
INFO 2025-11-14 09:34:22,650 autoreload 31932 9200 Watching for file changes with StatReloader
INFO 2025-11-14 09:34:23,183 signals 31932 4460 Tenant 635c366c-3a42-4a6e-90db-59a5bdbf5d8a: User daj@daj.com koined as owner
INFO 2025-11-14 09:34:23,220 basehttp 31932 4460 "POST /tenants/create/ HTTP/1.1" 302 0
INFO 2025-11-14 09:34:23,239 basehttp 31932 4460 "GET /dashboard/ HTTP/1.1" 302 0
INFO 2025-11-14 09:34:23,360 basehttp 31932 4460 "GET /tenants/ HTTP/1.1" 200 15338
INFO 2025-11-14 09:34:30,511 basehttp 31932 4460 "POST /tenants/ HTTP/1.1" 302 0
INFO 2025-11-14 09:34:30,521 basehttp 31932 4460 "GET /dashboard/ HTTP/1.1" 302 0
INFO 2025-11-14 09:34:30,538 basehttp 31932 4460 "GET /tenants/ HTTP/1.1" 200 15320
INFO 2025-11-14 09:34:34,004 basehttp 31932 4460 "POST /tenants/ HTTP/1.1" 302 0
INFO 2025-11-14 09:34:34,015 basehttp 31932 4460 "GET /dashboard/ HTTP/1.1" 302 0
INFO 2025-11-14 09:34:34,033 basehttp 31932 4460 "GET /tenants/ HTTP/1.1" 200 15312
INFO 2025-11-14 18:59:28,130 autoreload 49988 14216 Watching for file changes with StatReloader
INFO 2025-11-14 18:59:32,026 basehttp 49988 32048 "GET /tenants/ HTTP/1.1" 200 15098
INFO 2025-11-14 18:59:32,255 basehttp 49988 32048 "GET /static/images/logos/tms-logo-hi-res.png HTTP/1.1" 304 0
INFO 2025-11-18 10:08:03,376 autoreload 20976 30052 Watching for file changes with StatReloader
INFO 2025-11-18 10:30:35,805 autoreload 28732 7740 Watching for file changes with StatReloader
INFO 2025-11-18 10:31:12,063 autoreload 28732 7740 C:\DAJ\PROGRAMMING\Projects\WebApps\TMS\tms_v0.0.9\audit\admin.py changed, reloading.
INFO 2025-11-18 10:31:13,078 autoreload 18904 30352 Watching for file changes with StatReloader
